                      :-) GROMACS - gmx mdrun, 2020.6 (-:

                            GROMACS is written by:
     Emile Apol      Rossen Apostolov      Paul Bauer     Herman J.C. Berendsen
    Par Bjelkmar      Christian Blau   Viacheslav Bolnykh     Kevin Boyd    
 Aldert van Buuren   Rudi van Drunen     Anton Feenstra       Alan Gray     
  Gerrit Groenhof     Anca Hamuraru    Vincent Hindriksen  M. Eric Irrgang  
  Aleksei Iupinov   Christoph Junghans     Joe Jordan     Dimitrios Karkoulis
    Peter Kasson        Jiri Kraus      Carsten Kutzner      Per Larsson    
  Justin A. Lemkul    Viveca Lindahl    Magnus Lundborg     Erik Marklund   
    Pascal Merz     Pieter Meulenhoff    Teemu Murtola       Szilard Pall   
    Sander Pronk      Roland Schulz      Michael Shirts    Alexey Shvetsov  
   Alfons Sijbers     Peter Tieleman      Jon Vincent      Teemu Virolainen 
 Christian Wennberg    Maarten Wolf      Artem Zhmurov   
                           and the project leaders:
        Mark Abraham, Berk Hess, Erik Lindahl, and David van der Spoel

Copyright (c) 1991-2000, University of Groningen, The Netherlands.
Copyright (c) 2001-2019, The GROMACS development team at
Uppsala University, Stockholm University and
the Royal Institute of Technology, Sweden.
check out http://www.gromacs.org for more information.

GROMACS is free software; you can redistribute it and/or modify it
under the terms of the GNU Lesser General Public License
as published by the Free Software Foundation; either version 2.1
of the License, or (at your option) any later version.

GROMACS:      gmx mdrun, version 2020.6
Executable:   /content/gromacs/bin/gmx
Data prefix:  /content/gromacs
Working dir:  /content/gdrive/MyDrive/works/230702-LtaS/4uor
Process ID:   17782
Command line:
  gmx mdrun -deffnm npt -nb gpu

GROMACS version:    2020.6
Verified release checksum is 2f568d8884e039acbc6b68722432516e0628be00c847969b7c905c8b53ef826f
Precision:          single
Memory model:       64 bit
MPI library:        thread_mpi
OpenMP support:     enabled (GMX_OPENMP_MAX_THREADS = 64)
GPU support:        CUDA
SIMD instructions:  AVX2_256
FFT library:        fftw-3.3.8-sse2-avx-avx2-avx2_128
RDTSCP usage:       enabled
TNG support:        enabled
Hwloc support:      hwloc-1.11.6
Tracing support:    disabled
C compiler:         /usr/bin/cc GNU 7.5.0
C compiler flags:   -mavx2 -mfma -fexcess-precision=fast -funroll-all-loops -O3 -DNDEBUG
C++ compiler:       /usr/bin/c++ GNU 7.5.0
C++ compiler flags: -mavx2 -mfma -fexcess-precision=fast -funroll-all-loops -fopenmp -O3 -DNDEBUG
CUDA compiler:      /usr/local/cuda/bin/nvcc nvcc: NVIDIA (R) Cuda compiler driver;Copyright (c) 2005-2020 NVIDIA Corporation;Built on Mon_Oct_12_20:09:46_PDT_2020;Cuda compilation tools, release 11.1, V11.1.105;Build cuda_11.1.TC455_06.29190527_0
CUDA compiler flags:-gencode;arch=compute_35,code=sm_35;-gencode;arch=compute_37,code=sm_37;-gencode;arch=compute_50,code=sm_50;-gencode;arch=compute_52,code=sm_52;-gencode;arch=compute_60,code=sm_60;-gencode;arch=compute_61,code=sm_61;-gencode;arch=compute_70,code=sm_70;-Wno-deprecated-gpu-targets;-gencode;arch=compute_35,code=compute_35;-gencode;arch=compute_50,code=compute_50;-gencode;arch=compute_52,code=compute_52;-gencode;arch=compute_60,code=compute_60;-gencode;arch=compute_61,code=compute_61;-gencode;arch=compute_70,code=compute_70;-gencode;arch=compute_75,code=compute_75;-gencode;arch=compute_80,code=compute_80;-use_fast_math;-D_FORCE_INLINES;-mavx2 -mfma -fexcess-precision=fast -funroll-all-loops -fopenmp -O3 -DNDEBUG
CUDA driver:        12.0
CUDA runtime:       11.10


Running on 1 node with total 1 cores, 2 logical cores, 1 compatible GPU
Hardware detected:
  CPU info:
    Vendor: Intel
    Brand:  Intel(R) Xeon(R) CPU @ 2.20GHz
    Family: 6   Model: 79   Stepping: 0
    Features: aes apic avx avx2 clfsh cmov cx8 cx16 f16c fma hle htt intel lahf mmx msr nonstop_tsc pcid pclmuldq pdpe1gb popcnt pse rdrnd rdtscp rtm sse2 sse3 sse4.1 sse4.2 ssse3 x2apic
  Hardware topology: Full, with devices
    Sockets, cores, and logical processors:
      Socket  0: [   0   1]
    Numa nodes:
      Node  0 (13613326336 bytes mem):   0   1
      Latency:
               0
         0  1.00
    Caches:
      L1: 32768 bytes, linesize 64 bytes, assoc. 8, shared 2 ways
      L2: 262144 bytes, linesize 64 bytes, assoc. 8, shared 2 ways
      L3: 57671680 bytes, linesize 64 bytes, assoc. 20, shared 2 ways
    PCI devices:
      0000:00:04.0  Id: 10de:1eb8  Class: 0x0302  Numa: 0
      0000:00:05.0  Id: 1af4:1000  Class: 0x0200  Numa: 0
  GPU info:
    Number of GPUs detected: 1
    #0: NVIDIA Tesla T4, compute cap.: 7.5, ECC: yes, stat: compatible


++++ PLEASE READ AND CITE THE FOLLOWING REFERENCE ++++
M. J. Abraham, T. Murtola, R. Schulz, S. Páll, J. C. Smith, B. Hess, E.
Lindahl
GROMACS: High performance molecular simulations through multi-level
parallelism from laptops to supercomputers
SoftwareX 1 (2015) pp. 19-25
-------- -------- --- Thank You --- -------- --------


++++ PLEASE READ AND CITE THE FOLLOWING REFERENCE ++++
S. Páll, M. J. Abraham, C. Kutzner, B. Hess, E. Lindahl
Tackling Exascale Software Challenges in Molecular Dynamics Simulations with
GROMACS
In S. Markidis & E. Laure (Eds.), Solving Software Challenges for Exascale 8759 (2015) pp. 3-27
-------- -------- --- Thank You --- -------- --------


++++ PLEASE READ AND CITE THE FOLLOWING REFERENCE ++++
S. Pronk, S. Páll, R. Schulz, P. Larsson, P. Bjelkmar, R. Apostolov, M. R.
Shirts, J. C. Smith, P. M. Kasson, D. van der Spoel, B. Hess, and E. Lindahl
GROMACS 4.5: a high-throughput and highly parallel open source molecular
simulation toolkit
Bioinformatics 29 (2013) pp. 845-54
-------- -------- --- Thank You --- -------- --------


++++ PLEASE READ AND CITE THE FOLLOWING REFERENCE ++++
B. Hess and C. Kutzner and D. van der Spoel and E. Lindahl
GROMACS 4: Algorithms for highly efficient, load-balanced, and scalable
molecular simulation
J. Chem. Theory Comput. 4 (2008) pp. 435-447
-------- -------- --- Thank You --- -------- --------


++++ PLEASE READ AND CITE THE FOLLOWING REFERENCE ++++
D. van der Spoel, E. Lindahl, B. Hess, G. Groenhof, A. E. Mark and H. J. C.
Berendsen
GROMACS: Fast, Flexible and Free
J. Comp. Chem. 26 (2005) pp. 1701-1719
-------- -------- --- Thank You --- -------- --------


++++ PLEASE READ AND CITE THE FOLLOWING REFERENCE ++++
E. Lindahl and B. Hess and D. van der Spoel
GROMACS 3.0: A package for molecular simulation and trajectory analysis
J. Mol. Mod. 7 (2001) pp. 306-317
-------- -------- --- Thank You --- -------- --------


++++ PLEASE READ AND CITE THE FOLLOWING REFERENCE ++++
H. J. C. Berendsen, D. van der Spoel and R. van Drunen
GROMACS: A message-passing parallel molecular dynamics implementation
Comp. Phys. Comm. 91 (1995) pp. 43-56
-------- -------- --- Thank You --- -------- --------


++++ PLEASE CITE THE DOI FOR THIS VERSION OF GROMACS ++++
https://doi.org/10.5281/zenodo.4576055
-------- -------- --- Thank You --- -------- --------

Input Parameters:
   integrator                     = md
   tinit                          = 0
   dt                             = 0.002
   nsteps                         = 50000
   init-step                      = 0
   simulation-part                = 1
   comm-mode                      = Linear
   nstcomm                        = 100
   bd-fric                        = 0
   ld-seed                        = -1476407301
   emtol                          = 10
   emstep                         = 0.01
   niter                          = 20
   fcstep                         = 0
   nstcgsteep                     = 1000
   nbfgscorr                      = 10
   rtpi                           = 0.05
   nstxout                        = 0
   nstvout                        = 0
   nstfout                        = 0
   nstlog                         = 500
   nstcalcenergy                  = 100
   nstenergy                      = 500
   nstxout-compressed             = 500
   compressed-x-precision         = 1000
   cutoff-scheme                  = Verlet
   nstlist                        = 20
   pbc                            = xyz
   periodic-molecules             = false
   verlet-buffer-tolerance        = 0.005
   rlist                          = 1.222
   coulombtype                    = PME
   coulomb-modifier               = Potential-shift
   rcoulomb-switch                = 0
   rcoulomb                       = 1.2
   epsilon-r                      = 1
   epsilon-rf                     = inf
   vdw-type                       = Cut-off
   vdw-modifier                   = Potential-shift
   rvdw-switch                    = 0
   rvdw                           = 1.2
   DispCorr                       = EnerPres
   table-extension                = 1
   fourierspacing                 = 0.16
   fourier-nx                     = 56
   fourier-ny                     = 56
   fourier-nz                     = 56
   pme-order                      = 4
   ewald-rtol                     = 1e-05
   ewald-rtol-lj                  = 0.001
   lj-pme-comb-rule               = Geometric
   ewald-geometry                 = 0
   epsilon-surface                = 0
   tcoupl                         = V-rescale
   nsttcouple                     = 20
   nh-chain-length                = 0
   print-nose-hoover-chain-variables = false
   pcoupl                         = Parrinello-Rahman
   pcoupltype                     = Isotropic
   nstpcouple                     = 20
   tau-p                          = 2
   compressibility (3x3):
      compressibility[    0]={ 4.50000e-05,  0.00000e+00,  0.00000e+00}
      compressibility[    1]={ 0.00000e+00,  4.50000e-05,  0.00000e+00}
      compressibility[    2]={ 0.00000e+00,  0.00000e+00,  4.50000e-05}
   ref-p (3x3):
      ref-p[    0]={ 1.00000e+00,  0.00000e+00,  0.00000e+00}
      ref-p[    1]={ 0.00000e+00,  1.00000e+00,  0.00000e+00}
      ref-p[    2]={ 0.00000e+00,  0.00000e+00,  1.00000e+00}
   refcoord-scaling               = COM
   posres-com (3):
      posres-com[0]= 5.00222e-01
      posres-com[1]= 5.02141e-01
      posres-com[2]= 4.99818e-01
   posres-comB (3):
      posres-comB[0]= 5.00222e-01
      posres-comB[1]= 5.02141e-01
      posres-comB[2]= 4.99818e-01
   QMMM                           = false
   QMconstraints                  = 0
   QMMMscheme                     = 0
   MMChargeScaleFactor            = 1
qm-opts:
   ngQM                           = 0
   constraint-algorithm           = Lincs
   continuation                   = true
   Shake-SOR                      = false
   shake-tol                      = 0.0001
   lincs-order                    = 4
   lincs-iter                     = 1
   lincs-warnangle                = 30
   nwall                          = 0
   wall-type                      = 9-3
   wall-r-linpot                  = -1
   wall-atomtype[0]               = -1
   wall-atomtype[1]               = -1
   wall-density[0]                = 0
   wall-density[1]                = 0
   wall-ewald-zfac                = 3
   pull                           = false
   awh                            = false
   rotation                       = false
   interactiveMD                  = false
   disre                          = No
   disre-weighting                = Conservative
   disre-mixed                    = false
   dr-fc                          = 1000
   dr-tau                         = 0
   nstdisreout                    = 100
   orire-fc                       = 0
   orire-tau                      = 0
   nstorireout                    = 100
   free-energy                    = no
   cos-acceleration               = 0
   deform (3x3):
      deform[    0]={ 0.00000e+00,  0.00000e+00,  0.00000e+00}
      deform[    1]={ 0.00000e+00,  0.00000e+00,  0.00000e+00}
      deform[    2]={ 0.00000e+00,  0.00000e+00,  0.00000e+00}
   simulated-tempering            = false
   swapcoords                     = no
   userint1                       = 0
   userint2                       = 0
   userint3                       = 0
   userint4                       = 0
   userreal1                      = 0
   userreal2                      = 0
   userreal3                      = 0
   userreal4                      = 0
   applied-forces:
     electric-field:
       x:
         E0                       = 0
         omega                    = 0
         t0                       = 0
         sigma                    = 0
       y:
         E0                       = 0
         omega                    = 0
         t0                       = 0
         sigma                    = 0
       z:
         E0                       = 0
         omega                    = 0
         t0                       = 0
         sigma                    = 0
     density-guided-simulation:
       active                     = false
       group                      = protein
       similarity-measure         = inner-product
       atom-spreading-weight      = unity
       force-constant             = 1e+09
       gaussian-transform-spreading-width = 0.2
       gaussian-transform-spreading-range-in-multiples-of-width = 4
       reference-density-filename = reference.mrc
       nst                        = 1
       normalize-densities        = true
       adaptive-force-scaling     = false
       adaptive-force-scaling-time-constant = 4
grpopts:
   nrdf:     16455.6      111348
   ref-t:         300         300
   tau-t:         0.1         0.1
annealing:          No          No
annealing-npoints:           0           0
   acc:	           0           0           0
   nfreeze:           N           N           N
   energygrp-flags[  0]: 0

Changing nstlist from 20 to 100, rlist from 1.222 to 1.347

1 GPU selected for this run.
Mapping of GPU IDs to the 2 GPU tasks in the 1 rank on this node:
  PP:0,PME:0
PP tasks will do (non-perturbed) short-ranged interactions on the GPU
PP task will update and constrain coordinates on the CPU
PME tasks will do all aspects on the GPU
Using 1 MPI thread

Non-default thread affinity set, disabling internal thread affinity

Using 2 OpenMP threads 

System total charge: 0.000
Will do PME sum in reciprocal space for electrostatic interactions.

++++ PLEASE READ AND CITE THE FOLLOWING REFERENCE ++++
U. Essmann, L. Perera, M. L. Berkowitz, T. Darden, H. Lee and L. G. Pedersen 
A smooth particle mesh Ewald method
J. Chem. Phys. 103 (1995) pp. 8577-8592
-------- -------- --- Thank You --- -------- --------

Using a Gaussian width (1/beta) of 0.384195 nm for Ewald
Potential shift: LJ r^-12: -1.122e-01 r^-6: -3.349e-01, Ewald -8.333e-06
Initialized non-bonded Ewald tables, spacing: 1.02e-03 size: 1176

Generated table with 1173 data points for 1-4 COUL.
Tabscale = 500 points/nm
Generated table with 1173 data points for 1-4 LJ6.
Tabscale = 500 points/nm
Generated table with 1173 data points for 1-4 LJ12.
Tabscale = 500 points/nm

Using GPU 8x8 nonbonded short-range kernels

Using a dual 8x8 pair-list setup updated with dynamic, rolling pruning:
  outer list: updated every 100 steps, buffer 0.147 nm, rlist 1.347 nm
  inner list: updated every  12 steps, buffer 0.003 nm, rlist 1.203 nm
At tolerance 0.005 kJ/mol/ps per atom, equivalent classical 1x1 list would be:
  outer list: updated every 100 steps, buffer 0.303 nm, rlist 1.503 nm
  inner list: updated every  12 steps, buffer 0.052 nm, rlist 1.252 nm

Using Lorentz-Berthelot Lennard-Jones combination rule

Long Range LJ corr.: <C6> 3.3966e-04


Initializing LINear Constraint Solver

++++ PLEASE READ AND CITE THE FOLLOWING REFERENCE ++++
B. Hess and H. Bekker and H. J. C. Berendsen and J. G. E. M. Fraaije
LINCS: A Linear Constraint Solver for molecular simulations
J. Comp. Chem. 18 (1997) pp. 1463-1472
-------- -------- --- Thank You --- -------- --------

The number of constraints is 3191

++++ PLEASE READ AND CITE THE FOLLOWING REFERENCE ++++
S. Miyamoto and P. A. Kollman
SETTLE: An Analytical Version of the SHAKE and RATTLE Algorithms for Rigid
Water Models
J. Comp. Chem. 13 (1992) pp. 952-962
-------- -------- --- Thank You --- -------- --------


++++ PLEASE READ AND CITE THE FOLLOWING REFERENCE ++++
G. Bussi, D. Donadio and M. Parrinello
Canonical sampling through velocity rescaling
J. Chem. Phys. 126 (2007) pp. 014101
-------- -------- --- Thank You --- -------- --------

There are: 62217 Atoms
Center of mass motion removal mode is Linear
We have the following groups for center of mass motion removal:
  0:  rest

Started mdrun on rank 0 Mon Jul  3 01:11:13 2023

           Step           Time
              0        0.00000

   Energies (kJ/mol)
           Bond          Angle    Proper Dih.  Improper Dih.          LJ-14
    4.84225e+03    1.30764e+04    1.71373e+04    8.01289e+02    6.77720e+03
     Coulomb-14        LJ (SR)  Disper. corr.   Coulomb (SR)   Coul. recip.
    8.64329e+04    1.48923e+05   -5.10043e+03   -1.19400e+06    3.14301e+03
 Position Rest.      Potential    Kinetic En.   Total Energy  Conserved En.
    4.18963e-01   -9.17965e+05    1.59267e+05   -7.58699e+05   -7.58661e+05
    Temperature Pres. DC (bar) Pressure (bar)   Constr. rmsd
    2.99762e+02   -1.35723e+02   -2.96849e+02    3.25282e-06

           Step           Time
            500        1.00000

   Energies (kJ/mol)
           Bond          Angle    Proper Dih.  Improper Dih.          LJ-14
    4.94362e+03    1.34669e+04    1.70460e+04    8.14003e+02    6.61994e+03
     Coulomb-14        LJ (SR)  Disper. corr.   Coulomb (SR)   Coul. recip.
    8.61991e+04    1.53634e+05   -5.20504e+03   -1.20161e+06    3.21025e+03
 Position Rest.      Potential    Kinetic En.   Total Energy  Conserved En.
    1.39333e+03   -9.19488e+05    1.58871e+05   -7.60617e+05   -7.58605e+05
    Temperature Pres. DC (bar) Pressure (bar)   Constr. rmsd
    2.99017e+02   -1.41344e+02    2.17317e+02    3.05368e-06

           Step           Time
           1000        2.00000

   Energies (kJ/mol)
           Bond          Angle    Proper Dih.  Improper Dih.          LJ-14
    5.19443e+03    1.31647e+04    1.70040e+04    8.44195e+02    6.68211e+03
     Coulomb-14        LJ (SR)  Disper. corr.   Coulomb (SR)   Coul. recip.
    8.64040e+04    1.52941e+05   -5.19384e+03   -1.20068e+06    3.05471e+03
 Position Rest.      Potential    Kinetic En.   Total Energy  Conserved En.
    1.43807e+03   -9.19143e+05    1.59743e+05   -7.59400e+05   -7.58579e+05
    Temperature Pres. DC (bar) Pressure (bar)   Constr. rmsd
    3.00658e+02   -1.40737e+02    1.16660e+02    3.07001e-06

           Step           Time
           1500        3.00000

   Energies (kJ/mol)
           Bond          Angle    Proper Dih.  Improper Dih.          LJ-14
    4.86693e+03    1.31822e+04    1.71391e+04    8.09801e+02    6.73712e+03
     Coulomb-14        LJ (SR)  Disper. corr.   Coulomb (SR)   Coul. recip.
    8.62500e+04    1.52092e+05   -5.19313e+03   -1.20021e+06    2.98994e+03
 Position Rest.      Potential    Kinetic En.   Total Energy  Conserved En.
    1.51677e+03   -9.19822e+05    1.58913e+05   -7.60908e+05   -7.58608e+05
    Temperature Pres. DC (bar) Pressure (bar)   Constr. rmsd
    2.99097e+02   -1.40698e+02   -6.32602e+01    2.85397e-06

step 1600: timed with pme grid 56 56 56, coulomb cutoff 1.200: 647.4 M-cycles
step 1800: timed with pme grid 48 48 48, coulomb cutoff 1.336: 647.6 M-cycles
step 2000: timed with pme grid 44 44 44, coulomb cutoff 1.457: 686.6 M-cycles
           Step           Time
           2000        4.00000

   Energies (kJ/mol)
           Bond          Angle    Proper Dih.  Improper Dih.          LJ-14
    4.92260e+03    1.29944e+04    1.71074e+04    9.14193e+02    6.70501e+03
     Coulomb-14        LJ (SR)  Disper. corr.   Coulomb (SR)   Coul. recip.
    8.65000e+04    1.51487e+05   -5.19595e+03   -1.19703e+06    1.19705e+03
 Position Rest.      Potential    Kinetic En.   Total Energy  Conserved En.
    1.48267e+03   -9.18917e+05    1.59239e+05   -7.59677e+05   -7.58625e+05
    Temperature Pres. DC (bar) Pressure (bar)   Constr. rmsd
    2.99711e+02   -1.40851e+02   -3.88502e+01    3.02413e-06

step 2200: timed with pme grid 40 40 40, coulomb cutoff 1.603: 862.9 M-cycles
step 2400: timed with pme grid 42 42 42, coulomb cutoff 1.526: 767.1 M-cycles
           Step           Time
           2500        5.00000

   Energies (kJ/mol)
           Bond          Angle    Proper Dih.  Improper Dih.          LJ-14
    5.07767e+03    1.30537e+04    1.71412e+04    7.56553e+02    6.69751e+03
     Coulomb-14        LJ (SR)  Disper. corr.   Coulomb (SR)   Coul. recip.
    8.65120e+04    1.51837e+05   -5.21047e+03   -1.20018e+06    1.62504e+03
 Position Rest.      Potential    Kinetic En.   Total Energy  Conserved En.
    1.48578e+03   -9.21207e+05    1.59173e+05   -7.62034e+05   -7.58592e+05
    Temperature Pres. DC (bar) Pressure (bar)   Constr. rmsd
    2.99585e+02   -1.41639e+02   -7.33224e+01    3.11280e-06

step 2600: timed with pme grid 44 44 44, coulomb cutoff 1.457: 943.4 M-cycles
step 2800: timed with pme grid 48 48 48, coulomb cutoff 1.336: 1348.8 M-cycles
step 3000: timed with pme grid 52 52 52, coulomb cutoff 1.233: 1367.6 M-cycles
           Step           Time
           3000        6.00000

   Energies (kJ/mol)
           Bond          Angle    Proper Dih.  Improper Dih.          LJ-14
    5.07605e+03    1.31534e+04    1.69119e+04    8.34231e+02    6.72178e+03
     Coulomb-14        LJ (SR)  Disper. corr.   Coulomb (SR)   Coul. recip.
    8.64446e+04    1.52477e+05   -5.20690e+03   -1.20194e+06    3.08726e+03
 Position Rest.      Potential    Kinetic En.   Total Energy  Conserved En.
    1.44621e+03   -9.20991e+05    1.60031e+05   -7.60960e+05   -7.58586e+05
    Temperature Pres. DC (bar) Pressure (bar)   Constr. rmsd
    3.01199e+02   -1.41445e+02    5.68273e+01    2.94711e-06

step 3200: timed with pme grid 56 56 56, coulomb cutoff 1.200: 1219.7 M-cycles
              optimal pme grid 56 56 56, coulomb cutoff 1.200
           Step           Time
           3500        7.00000

   Energies (kJ/mol)
           Bond          Angle    Proper Dih.  Improper Dih.          LJ-14
    5.03548e+03    1.33011e+04    1.69660e+04    8.93282e+02    6.71107e+03
     Coulomb-14        LJ (SR)  Disper. corr.   Coulomb (SR)   Coul. recip.
    8.64841e+04    1.50066e+05   -5.19682e+03   -1.19819e+06    3.09083e+03
 Position Rest.      Potential    Kinetic En.   Total Energy  Conserved En.
    1.40847e+03   -9.19434e+05    1.59428e+05   -7.60006e+05   -7.58587e+05
    Temperature Pres. DC (bar) Pressure (bar)   Constr. rmsd
    3.00065e+02   -1.40898e+02   -1.49242e+02    2.91843e-06

           Step           Time
           4000        8.00000

   Energies (kJ/mol)
           Bond          Angle    Proper Dih.  Improper Dih.          LJ-14
    4.96638e+03    1.30326e+04    1.70177e+04    7.53280e+02    6.61039e+03
     Coulomb-14        LJ (SR)  Disper. corr.   Coulomb (SR)   Coul. recip.
    8.65278e+04    1.53100e+05   -5.22023e+03   -1.20423e+06    2.91914e+03
 Position Rest.      Potential    Kinetic En.   Total Energy  Conserved En.
    1.52878e+03   -9.22995e+05    1.58506e+05   -7.64489e+05   -7.58625e+05
    Temperature Pres. DC (bar) Pressure (bar)   Constr. rmsd
    2.98331e+02   -1.42170e+02    6.47814e+01    2.88856e-06

           Step           Time
           4500        9.00000

   Energies (kJ/mol)
           Bond          Angle    Proper Dih.  Improper Dih.          LJ-14
    4.98566e+03    1.31848e+04    1.71296e+04    8.41564e+02    6.67264e+03
     Coulomb-14        LJ (SR)  Disper. corr.   Coulomb (SR)   Coul. recip.
    8.61218e+04    1.49473e+05   -5.20109e+03   -1.19614e+06    3.11387e+03
 Position Rest.      Potential    Kinetic En.   Total Energy  Conserved En.
    1.57402e+03   -9.18241e+05    1.59695e+05   -7.58545e+05   -7.58653e+05
    Temperature Pres. DC (bar) Pressure (bar)   Constr. rmsd
    3.00569e+02   -1.41130e+02   -1.61046e+02    2.96914e-06

           Step           Time
           5000       10.00000

   Energies (kJ/mol)
           Bond          Angle    Proper Dih.  Improper Dih.          LJ-14
    5.00710e+03    1.33180e+04    1.70008e+04    8.32133e+02    6.71383e+03
     Coulomb-14        LJ (SR)  Disper. corr.   Coulomb (SR)   Coul. recip.
    8.66500e+04    1.50066e+05   -5.18701e+03   -1.19668e+06    2.98932e+03
 Position Rest.      Potential    Kinetic En.   Total Energy  Conserved En.
    1.48109e+03   -9.17810e+05    1.59046e+05   -7.58764e+05   -7.58611e+05
    Temperature Pres. DC (bar) Pressure (bar)   Constr. rmsd
    2.99347e+02   -1.40367e+02   -1.14599e+02    3.00696e-06

           Step           Time
           5500       11.00000

   Energies (kJ/mol)
           Bond          Angle    Proper Dih.  Improper Dih.          LJ-14
    5.11829e+03    1.27687e+04    1.70647e+04    7.78974e+02    6.68876e+03
     Coulomb-14        LJ (SR)  Disper. corr.   Coulomb (SR)   Coul. recip.
    8.64317e+04    1.52531e+05   -5.19698e+03   -1.20015e+06    2.99597e+03
 Position Rest.      Potential    Kinetic En.   Total Energy  Conserved En.
    1.53954e+03   -9.19432e+05    1.58997e+05   -7.60436e+05   -7.58624e+05
    Temperature Pres. DC (bar) Pressure (bar)   Constr. rmsd
    2.99254e+02   -1.40907e+02   -5.31889e+01    2.96879e-06

           Step           Time
           6000       12.00000

   Energies (kJ/mol)
           Bond          Angle    Proper Dih.  Improper Dih.          LJ-14
    4.97495e+03    1.32405e+04    1.71431e+04    7.51467e+02    6.74897e+03
     Coulomb-14        LJ (SR)  Disper. corr.   Coulomb (SR)   Coul. recip.
    8.62274e+04    1.49859e+05   -5.18107e+03   -1.19723e+06    3.02432e+03
 Position Rest.      Potential    Kinetic En.   Total Energy  Conserved En.
    1.61422e+03   -9.18831e+05    1.58876e+05   -7.59955e+05   -7.58612e+05
    Temperature Pres. DC (bar) Pressure (bar)   Constr. rmsd
    2.99026e+02   -1.40046e+02   -2.75747e+02    3.27659e-06

           Step           Time
           6500       13.00000

   Energies (kJ/mol)
           Bond          Angle    Proper Dih.  Improper Dih.          LJ-14
    4.78927e+03    1.30463e+04    1.70269e+04    8.77572e+02    6.68277e+03
     Coulomb-14        LJ (SR)  Disper. corr.   Coulomb (SR)   Coul. recip.
    8.66108e+04    1.52580e+05   -5.21721e+03   -1.20053e+06    3.03274e+03
 Position Rest.      Potential    Kinetic En.   Total Energy  Conserved En.
    1.52664e+03   -9.19570e+05    1.58599e+05   -7.60971e+05   -7.58640e+05
    Temperature Pres. DC (bar) Pressure (bar)   Constr. rmsd
    2.98506e+02   -1.42005e+02    1.77146e+02    3.20717e-06

           Step           Time
           7000       14.00000

   Energies (kJ/mol)
           Bond          Angle    Proper Dih.  Improper Dih.          LJ-14
    4.94225e+03    1.29802e+04    1.70862e+04    8.38961e+02    6.77630e+03
     Coulomb-14        LJ (SR)  Disper. corr.   Coulomb (SR)   Coul. recip.
    8.65877e+04    1.51300e+05   -5.18962e+03   -1.20080e+06    2.87215e+03
 Position Rest.      Potential    Kinetic En.   Total Energy  Conserved En.
    1.52542e+03   -9.21076e+05    1.59673e+05   -7.61404e+05   -7.58600e+05
    Temperature Pres. DC (bar) Pressure (bar)   Constr. rmsd
    3.00526e+02   -1.40508e+02   -1.33273e+02    3.02776e-06

           Step           Time
           7500       15.00000

   Energies (kJ/mol)
           Bond          Angle    Proper Dih.  Improper Dih.          LJ-14
    5.01480e+03    1.30790e+04    1.69964e+04    8.41698e+02    6.67662e+03
     Coulomb-14        LJ (SR)  Disper. corr.   Coulomb (SR)   Coul. recip.
    8.65168e+04    1.52181e+05   -5.19438e+03   -1.20089e+06    3.10104e+03
 Position Rest.      Potential    Kinetic En.   Total Energy  Conserved En.
    1.57810e+03   -9.20096e+05    1.59810e+05   -7.60286e+05   -7.58617e+05
    Temperature Pres. DC (bar) Pressure (bar)   Constr. rmsd
    3.00784e+02   -1.40766e+02   -1.45544e+02    3.05188e-06

           Step           Time
           8000       16.00000

   Energies (kJ/mol)
           Bond          Angle    Proper Dih.  Improper Dih.          LJ-14
    5.02684e+03    1.30607e+04    1.71097e+04    8.14767e+02    6.82298e+03
     Coulomb-14        LJ (SR)  Disper. corr.   Coulomb (SR)   Coul. recip.
    8.66444e+04    1.50141e+05   -5.19662e+03   -1.19832e+06    3.03321e+03
 Position Rest.      Potential    Kinetic En.   Total Energy  Conserved En.
    1.54247e+03   -9.19321e+05    1.59603e+05   -7.59718e+05   -7.58600e+05
    Temperature Pres. DC (bar) Pressure (bar)   Constr. rmsd
    3.00394e+02   -1.40887e+02    1.31366e+02    2.92623e-06

           Step           Time
           8500       17.00000

   Energies (kJ/mol)
           Bond          Angle    Proper Dih.  Improper Dih.          LJ-14
    4.88368e+03    1.34275e+04    1.71205e+04    8.37983e+02    6.71401e+03
     Coulomb-14        LJ (SR)  Disper. corr.   Coulomb (SR)   Coul. recip.
    8.62026e+04    1.51506e+05   -5.20345e+03   -1.19912e+06    3.19109e+03
 Position Rest.      Potential    Kinetic En.   Total Energy  Conserved En.
    1.58361e+03   -9.18860e+05    1.58720e+05   -7.60140e+05   -7.58588e+05
    Temperature Pres. DC (bar) Pressure (bar)   Constr. rmsd
    2.98732e+02   -1.41258e+02    2.80803e+00    2.89291e-06

           Step           Time
           9000       18.00000

   Energies (kJ/mol)
           Bond          Angle    Proper Dih.  Improper Dih.          LJ-14
    4.90233e+03    1.30394e+04    1.70151e+04    8.11065e+02    6.64145e+03
     Coulomb-14        LJ (SR)  Disper. corr.   Coulomb (SR)   Coul. recip.
    8.66985e+04    1.50843e+05   -5.19985e+03   -1.19842e+06    3.13595e+03
 Position Rest.      Potential    Kinetic En.   Total Energy  Conserved En.
    1.50633e+03   -9.19027e+05    1.58810e+05   -7.60216e+05   -7.58624e+05
    Temperature Pres. DC (bar) Pressure (bar)   Constr. rmsd
    2.98903e+02   -1.41062e+02    3.22392e+01    2.98449e-06

           Step           Time
           9500       19.00000

   Energies (kJ/mol)
           Bond          Angle    Proper Dih.  Improper Dih.          LJ-14
    4.93971e+03    1.33771e+04    1.71830e+04    8.19089e+02    6.70408e+03
     Coulomb-14        LJ (SR)  Disper. corr.   Coulomb (SR)   Coul. recip.
    8.65280e+04    1.51496e+05   -5.19011e+03   -1.19808e+06    2.96962e+03
 Position Rest.      Potential    Kinetic En.   Total Energy  Conserved En.
    1.51582e+03   -9.17736e+05    1.58679e+05   -7.59057e+05   -7.58614e+05
    Temperature Pres. DC (bar) Pressure (bar)   Constr. rmsd
    2.98656e+02   -1.40535e+02    6.91771e+01    2.97248e-06

           Step           Time
          10000       20.00000

   Energies (kJ/mol)
           Bond          Angle    Proper Dih.  Improper Dih.          LJ-14
    5.12643e+03    1.32862e+04    1.70608e+04    7.81172e+02    6.60759e+03
     Coulomb-14        LJ (SR)  Disper. corr.   Coulomb (SR)   Coul. recip.
    8.60519e+04    1.52205e+05   -5.19905e+03   -1.20067e+06    3.03080e+03
 Position Rest.      Potential    Kinetic En.   Total Energy  Conserved En.
    1.51678e+03   -9.20201e+05    1.58857e+05   -7.61344e+05   -7.58618e+05
    Temperature Pres. DC (bar) Pressure (bar)   Constr. rmsd
    2.98992e+02   -1.41019e+02    4.25518e+01    3.09794e-06

           Step           Time
          10500       21.00000

   Energies (kJ/mol)
           Bond          Angle    Proper Dih.  Improper Dih.          LJ-14
    4.99442e+03    1.30838e+04    1.70857e+04    8.42677e+02    6.79301e+03
     Coulomb-14        LJ (SR)  Disper. corr.   Coulomb (SR)   Coul. recip.
    8.66101e+04    1.52458e+05   -5.17393e+03   -1.20091e+06    3.15018e+03
 Position Rest.      Potential    Kinetic En.   Total Energy  Conserved En.
    1.47135e+03   -9.19598e+05    1.58847e+05   -7.60751e+05   -7.58636e+05
    Temperature Pres. DC (bar) Pressure (bar)   Constr. rmsd
    2.98972e+02   -1.39661e+02    1.84679e+02    3.05550e-06

           Step           Time
          11000       22.00000

   Energies (kJ/mol)
           Bond          Angle    Proper Dih.  Improper Dih.          LJ-14
    4.92434e+03    1.31619e+04    1.70264e+04    8.17008e+02    6.79659e+03
     Coulomb-14        LJ (SR)  Disper. corr.   Coulomb (SR)   Coul. recip.
    8.65753e+04    1.51754e+05   -5.20721e+03   -1.19941e+06    2.95979e+03
 Position Rest.      Potential    Kinetic En.   Total Energy  Conserved En.
    1.51000e+03   -9.19096e+05    1.59292e+05   -7.59803e+05   -7.58618e+05
    Temperature Pres. DC (bar) Pressure (bar)   Constr. rmsd
    2.99810e+02   -1.41462e+02    1.11515e+02    2.96698e-06

           Step           Time
          11500       23.00000

   Energies (kJ/mol)
           Bond          Angle    Proper Dih.  Improper Dih.          LJ-14
    4.86576e+03    1.32561e+04    1.70196e+04    8.08673e+02    6.62223e+03
     Coulomb-14        LJ (SR)  Disper. corr.   Coulomb (SR)   Coul. recip.
    8.64508e+04    1.53281e+05   -5.22115e+03   -1.20223e+06    3.06579e+03
 Position Rest.      Potential    Kinetic En.   Total Energy  Conserved En.
    1.52410e+03   -9.20557e+05    1.59474e+05   -7.61083e+05   -7.58621e+05
    Temperature Pres. DC (bar) Pressure (bar)   Constr. rmsd
    3.00153e+02   -1.42220e+02    1.38954e+02    3.21241e-06

           Step           Time
          12000       24.00000

   Energies (kJ/mol)
           Bond          Angle    Proper Dih.  Improper Dih.          LJ-14
    4.92379e+03    1.30593e+04    1.71440e+04    8.17501e+02    6.72585e+03
     Coulomb-14        LJ (SR)  Disper. corr.   Coulomb (SR)   Coul. recip.
    8.64306e+04    1.52133e+05   -5.20231e+03   -1.19981e+06    3.03266e+03
 Position Rest.      Potential    Kinetic En.   Total Energy  Conserved En.
    1.52535e+03   -9.19225e+05    1.59535e+05   -7.59690e+05   -7.58652e+05
    Temperature Pres. DC (bar) Pressure (bar)   Constr. rmsd
    3.00267e+02   -1.41196e+02    1.72303e+01    3.06037e-06

           Step           Time
          12500       25.00000

   Energies (kJ/mol)
           Bond          Angle    Proper Dih.  Improper Dih.          LJ-14
    5.22422e+03    1.29531e+04    1.70520e+04    8.31500e+02    6.62216e+03
     Coulomb-14        LJ (SR)  Disper. corr.   Coulomb (SR)   Coul. recip.
    8.61889e+04    1.51954e+05   -5.21540e+03   -1.20082e+06    3.02948e+03
 Position Rest.      Potential    Kinetic En.   Total Energy  Conserved En.
    1.55125e+03   -9.20630e+05    1.58724e+05   -7.61906e+05   -7.58617e+05
    Temperature Pres. DC (bar) Pressure (bar)   Constr. rmsd
    2.98740e+02   -1.41907e+02    2.11006e+01    2.86805e-06

           Step           Time
          13000       26.00000

   Energies (kJ/mol)
           Bond          Angle    Proper Dih.  Improper Dih.          LJ-14
    5.16935e+03    1.33854e+04    1.70386e+04    8.07608e+02    6.64050e+03
     Coulomb-14        LJ (SR)  Disper. corr.   Coulomb (SR)   Coul. recip.
    8.65291e+04    1.49934e+05   -5.19901e+03   -1.19770e+06    3.09699e+03
 Position Rest.      Potential    Kinetic En.   Total Energy  Conserved En.
    1.56844e+03   -9.18730e+05    1.58748e+05   -7.59982e+05   -7.58607e+05
    Temperature Pres. DC (bar) Pressure (bar)   Constr. rmsd
    2.98785e+02   -1.41017e+02   -1.14767e+02    3.04198e-06

           Step           Time
          13500       27.00000

   Energies (kJ/mol)
           Bond          Angle    Proper Dih.  Improper Dih.          LJ-14
    5.05762e+03    1.28705e+04    1.71341e+04    9.04095e+02    6.77823e+03
     Coulomb-14        LJ (SR)  Disper. corr.   Coulomb (SR)   Coul. recip.
    8.65976e+04    1.51795e+05   -5.21114e+03   -1.20053e+06    3.11807e+03
 Position Rest.      Potential    Kinetic En.   Total Energy  Conserved En.
    1.60644e+03   -9.19881e+05    1.59262e+05   -7.60618e+05   -7.58624e+05
    Temperature Pres. DC (bar) Pressure (bar)   Constr. rmsd
    2.99754e+02   -1.41675e+02    1.50781e+02    3.12973e-06

           Step           Time
          14000       28.00000

   Energies (kJ/mol)
           Bond          Angle    Proper Dih.  Improper Dih.          LJ-14
    4.80512e+03    1.34910e+04    1.70280e+04    8.39821e+02    6.66541e+03
     Coulomb-14        LJ (SR)  Disper. corr.   Coulomb (SR)   Coul. recip.
    8.63724e+04    1.51391e+05   -5.20253e+03   -1.19924e+06    3.06832e+03
 Position Rest.      Potential    Kinetic En.   Total Energy  Conserved En.
    1.55824e+03   -9.19226e+05    1.58211e+05   -7.61015e+05   -7.58619e+05
    Temperature Pres. DC (bar) Pressure (bar)   Constr. rmsd
    2.97775e+02   -1.41208e+02   -9.24113e+01    3.00784e-06

           Step           Time
          14500       29.00000

   Energies (kJ/mol)
           Bond          Angle    Proper Dih.  Improper Dih.          LJ-14
    5.05359e+03    1.30557e+04    1.70682e+04    8.52738e+02    6.70534e+03
     Coulomb-14        LJ (SR)  Disper. corr.   Coulomb (SR)   Coul. recip.
    8.64513e+04    1.50328e+05   -5.19739e+03   -1.19730e+06    3.12143e+03
 Position Rest.      Potential    Kinetic En.   Total Energy  Conserved En.
    1.49384e+03   -9.18366e+05    1.59120e+05   -7.59246e+05   -7.58654e+05
    Temperature Pres. DC (bar) Pressure (bar)   Constr. rmsd
    2.99485e+02   -1.40929e+02   -2.19453e+02    3.09636e-06

           Step           Time
          15000       30.00000

   Energies (kJ/mol)
           Bond          Angle    Proper Dih.  Improper Dih.          LJ-14
    4.80444e+03    1.31011e+04    1.69946e+04    8.17901e+02    6.65726e+03
     Coulomb-14        LJ (SR)  Disper. corr.   Coulomb (SR)   Coul. recip.
    8.64068e+04    1.50173e+05   -5.19687e+03   -1.19798e+06    3.11937e+03
 Position Rest.      Potential    Kinetic En.   Total Energy  Conserved En.
    1.56063e+03   -9.19543e+05    1.59531e+05   -7.60012e+05   -7.58664e+05
    Temperature Pres. DC (bar) Pressure (bar)   Constr. rmsd
    3.00259e+02   -1.40901e+02   -1.72817e+02    3.07034e-06

           Step           Time
          15500       31.00000

   Energies (kJ/mol)
           Bond          Angle    Proper Dih.  Improper Dih.          LJ-14
    5.01490e+03    1.34407e+04    1.68957e+04    7.76942e+02    6.73025e+03
     Coulomb-14        LJ (SR)  Disper. corr.   Coulomb (SR)   Coul. recip.
    8.65241e+04    1.52327e+05   -5.20616e+03   -1.20179e+06    3.05923e+03
 Position Rest.      Potential    Kinetic En.   Total Energy  Conserved En.
    1.51966e+03   -9.20704e+05    1.58630e+05   -7.62075e+05   -7.58636e+05
    Temperature Pres. DC (bar) Pressure (bar)   Constr. rmsd
    2.98563e+02   -1.41405e+02   -5.50547e+01    3.05156e-06

           Step           Time
          16000       32.00000

   Energies (kJ/mol)
           Bond          Angle    Proper Dih.  Improper Dih.          LJ-14
    5.12203e+03    1.30980e+04    1.70806e+04    8.60730e+02    6.81654e+03
     Coulomb-14        LJ (SR)  Disper. corr.   Coulomb (SR)   Coul. recip.
    8.64248e+04    1.49616e+05   -5.18756e+03   -1.19719e+06    3.05336e+03
 Position Rest.      Potential    Kinetic En.   Total Energy  Conserved En.
    1.52356e+03   -9.18777e+05    1.59063e+05   -7.59714e+05   -7.58659e+05
    Temperature Pres. DC (bar) Pressure (bar)   Constr. rmsd
    2.99379e+02   -1.40397e+02    9.33692e+01    2.92019e-06

           Step           Time
          16500       33.00000

   Energies (kJ/mol)
           Bond          Angle    Proper Dih.  Improper Dih.          LJ-14
    4.94815e+03    1.32925e+04    1.69064e+04    8.30370e+02    6.70793e+03
     Coulomb-14        LJ (SR)  Disper. corr.   Coulomb (SR)   Coul. recip.
    8.63665e+04    1.52498e+05   -5.19147e+03   -1.20025e+06    3.10473e+03
 Position Rest.      Potential    Kinetic En.   Total Energy  Conserved En.
    1.57909e+03   -9.19213e+05    1.59915e+05   -7.59298e+05   -7.58655e+05
    Temperature Pres. DC (bar) Pressure (bar)   Constr. rmsd
    3.00981e+02   -1.40608e+02    8.83981e+01    3.12420e-06

           Step           Time
          17000       34.00000

   Energies (kJ/mol)
           Bond          Angle    Proper Dih.  Improper Dih.          LJ-14
    4.94585e+03    1.33414e+04    1.69163e+04    7.74910e+02    6.72898e+03
     Coulomb-14        LJ (SR)  Disper. corr.   Coulomb (SR)   Coul. recip.
    8.63798e+04    1.52506e+05   -5.19900e+03   -1.20117e+06    3.14879e+03
 Position Rest.      Potential    Kinetic En.   Total Energy  Conserved En.
    1.56607e+03   -9.20056e+05    1.59659e+05   -7.60398e+05   -7.58655e+05
    Temperature Pres. DC (bar) Pressure (bar)   Constr. rmsd
    3.00500e+02   -1.41017e+02    1.06844e+02    2.96155e-06

           Step           Time
          17500       35.00000

   Energies (kJ/mol)
           Bond          Angle    Proper Dih.  Improper Dih.          LJ-14
    5.14459e+03    1.30958e+04    1.69212e+04    8.25282e+02    6.79861e+03
     Coulomb-14        LJ (SR)  Disper. corr.   Coulomb (SR)   Coul. recip.
    8.65900e+04    1.51598e+05   -5.20740e+03   -1.19974e+06    3.08664e+03
 Position Rest.      Potential    Kinetic En.   Total Energy  Conserved En.
    1.54881e+03   -9.19341e+05    1.60721e+05   -7.58620e+05   -7.58669e+05
    Temperature Pres. DC (bar) Pressure (bar)   Constr. rmsd
    3.02500e+02   -1.41472e+02    2.45770e+02    3.08806e-06

           Step           Time
          18000       36.00000

   Energies (kJ/mol)
           Bond          Angle    Proper Dih.  Improper Dih.          LJ-14
    5.07037e+03    1.30426e+04    1.70279e+04    8.62684e+02    6.72732e+03
     Coulomb-14        LJ (SR)  Disper. corr.   Coulomb (SR)   Coul. recip.
    8.64899e+04    1.51905e+05   -5.19303e+03   -1.19940e+06    3.02388e+03
 Position Rest.      Potential    Kinetic En.   Total Energy  Conserved En.
    1.53105e+03   -9.18917e+05    1.58759e+05   -7.60157e+05   -7.58675e+05
    Temperature Pres. DC (bar) Pressure (bar)   Constr. rmsd
    2.98807e+02   -1.40693e+02    1.82354e+02    2.89592e-06

           Step           Time
          18500       37.00000

   Energies (kJ/mol)
           Bond          Angle    Proper Dih.  Improper Dih.          LJ-14
    4.88962e+03    1.32152e+04    1.70215e+04    8.48328e+02    6.77883e+03
     Coulomb-14        LJ (SR)  Disper. corr.   Coulomb (SR)   Coul. recip.
    8.62889e+04    1.50316e+05   -5.19373e+03   -1.19706e+06    3.02103e+03
 Position Rest.      Potential    Kinetic En.   Total Energy  Conserved En.
    1.53458e+03   -9.18338e+05    1.58689e+05   -7.59649e+05   -7.58668e+05
    Temperature Pres. DC (bar) Pressure (bar)   Constr. rmsd
    2.98674e+02   -1.40731e+02   -4.63423e+01    3.09065e-06

           Step           Time
          19000       38.00000

   Energies (kJ/mol)
           Bond          Angle    Proper Dih.  Improper Dih.          LJ-14
    5.04038e+03    1.31358e+04    1.71597e+04    8.40663e+02    6.69440e+03
     Coulomb-14        LJ (SR)  Disper. corr.   Coulomb (SR)   Coul. recip.
    8.65432e+04    1.50359e+05   -5.19596e+03   -1.19770e+06    3.14413e+03
 Position Rest.      Potential    Kinetic En.   Total Energy  Conserved En.
    1.55133e+03   -9.18431e+05    1.60010e+05   -7.58421e+05   -7.58703e+05
    Temperature Pres. DC (bar) Pressure (bar)   Constr. rmsd
    3.01161e+02   -1.40851e+02   -2.77211e+02    3.00443e-06

           Step           Time
          19500       39.00000

   Energies (kJ/mol)
           Bond          Angle    Proper Dih.  Improper Dih.          LJ-14
    4.98446e+03    1.30628e+04    1.70821e+04    8.18130e+02    6.65767e+03
     Coulomb-14        LJ (SR)  Disper. corr.   Coulomb (SR)   Coul. recip.
    8.65689e+04    1.50815e+05   -5.19130e+03   -1.19786e+06    3.07500e+03
 Position Rest.      Potential    Kinetic En.   Total Energy  Conserved En.
    1.51717e+03   -9.18473e+05    1.60317e+05   -7.58156e+05   -7.58695e+05
    Temperature Pres. DC (bar) Pressure (bar)   Constr. rmsd
    3.01738e+02   -1.40599e+02    2.38453e+01    3.02220e-06

           Step           Time
          20000       40.00000

   Energies (kJ/mol)
           Bond          Angle    Proper Dih.  Improper Dih.          LJ-14
    4.93849e+03    1.33106e+04    1.70740e+04    8.20279e+02    6.68520e+03
     Coulomb-14        LJ (SR)  Disper. corr.   Coulomb (SR)   Coul. recip.
    8.65738e+04    1.49626e+05   -5.19611e+03   -1.19784e+06    3.09013e+03
 Position Rest.      Potential    Kinetic En.   Total Energy  Conserved En.
    1.51694e+03   -9.19401e+05    1.59248e+05   -7.60154e+05   -7.58655e+05
    Temperature Pres. DC (bar) Pressure (bar)   Constr. rmsd
    2.99726e+02   -1.40860e+02   -2.63693e+02    2.83116e-06

           Step           Time
          20500       41.00000

   Energies (kJ/mol)
           Bond          Angle    Proper Dih.  Improper Dih.          LJ-14
    4.74543e+03    1.30280e+04    1.70943e+04    8.66573e+02    6.69810e+03
     Coulomb-14        LJ (SR)  Disper. corr.   Coulomb (SR)   Coul. recip.
    8.65199e+04    1.51216e+05   -5.20258e+03   -1.19933e+06    2.98730e+03
 Position Rest.      Potential    Kinetic En.   Total Energy  Conserved En.
    1.51363e+03   -9.19866e+05    1.58415e+05   -7.61452e+05   -7.58701e+05
    Temperature Pres. DC (bar) Pressure (bar)   Constr. rmsd
    2.98159e+02   -1.41210e+02    6.48488e+01    2.95729e-06

           Step           Time
          21000       42.00000

   Energies (kJ/mol)
           Bond          Angle    Proper Dih.  Improper Dih.          LJ-14
    4.98524e+03    1.36878e+04    1.70995e+04    8.39404e+02    6.64859e+03
     Coulomb-14        LJ (SR)  Disper. corr.   Coulomb (SR)   Coul. recip.
    8.63582e+04    1.52090e+05   -5.20976e+03   -1.20078e+06    3.01773e+03
 Position Rest.      Potential    Kinetic En.   Total Energy  Conserved En.
    1.57413e+03   -9.19693e+05    1.59251e+05   -7.60442e+05   -7.58664e+05
    Temperature Pres. DC (bar) Pressure (bar)   Constr. rmsd
    2.99732e+02   -1.41600e+02    7.20994e+01    2.96666e-06

           Step           Time
          21500       43.00000

   Energies (kJ/mol)
           Bond          Angle    Proper Dih.  Improper Dih.          LJ-14
    4.93982e+03    1.30923e+04    1.70118e+04    7.68054e+02    6.67996e+03
     Coulomb-14        LJ (SR)  Disper. corr.   Coulomb (SR)   Coul. recip.
    8.64351e+04    1.54031e+05   -5.21036e+03   -1.20334e+06    3.03972e+03
 Position Rest.      Potential    Kinetic En.   Total Energy  Conserved En.
    1.49697e+03   -9.21059e+05    1.59429e+05   -7.61630e+05   -7.58693e+05
    Temperature Pres. DC (bar) Pressure (bar)   Constr. rmsd
    3.00068e+02   -1.41633e+02    3.00406e+02    2.90446e-06

           Step           Time
          22000       44.00000

   Energies (kJ/mol)
           Bond          Angle    Proper Dih.  Improper Dih.          LJ-14
    4.91067e+03    1.35385e+04    1.69792e+04    7.56907e+02    6.60396e+03
     Coulomb-14        LJ (SR)  Disper. corr.   Coulomb (SR)   Coul. recip.
    8.63087e+04    1.51639e+05   -5.21532e+03   -1.20097e+06    2.99850e+03
 Position Rest.      Potential    Kinetic En.   Total Energy  Conserved En.
    1.52245e+03   -9.20924e+05    1.59224e+05   -7.61701e+05   -7.58662e+05
    Temperature Pres. DC (bar) Pressure (bar)   Constr. rmsd
    2.99681e+02   -1.41902e+02    1.03091e+02    2.80969e-06

           Step           Time
          22500       45.00000

   Energies (kJ/mol)
           Bond          Angle    Proper Dih.  Improper Dih.          LJ-14
    4.80653e+03    1.28785e+04    1.69752e+04    8.66516e+02    6.71973e+03
     Coulomb-14        LJ (SR)  Disper. corr.   Coulomb (SR)   Coul. recip.
    8.65735e+04    1.51090e+05   -5.18966e+03   -1.20046e+06    2.98497e+03
 Position Rest.      Potential    Kinetic En.   Total Energy  Conserved En.
    1.57638e+03   -9.21180e+05    1.59034e+05   -7.62146e+05   -7.58706e+05
    Temperature Pres. DC (bar) Pressure (bar)   Constr. rmsd
    2.99323e+02   -1.40510e+02   -7.33795e+01    3.24589e-06

           Step           Time
          23000       46.00000

   Energies (kJ/mol)
           Bond          Angle    Proper Dih.  Improper Dih.          LJ-14
    5.15214e+03    1.31109e+04    1.70345e+04    8.24648e+02    6.58091e+03
     Coulomb-14        LJ (SR)  Disper. corr.   Coulomb (SR)   Coul. recip.
    8.63903e+04    1.51271e+05   -5.21576e+03   -1.19891e+06    3.02981e+03
 Position Rest.      Potential    Kinetic En.   Total Energy  Conserved En.
    1.57948e+03   -9.19154e+05    1.58642e+05   -7.60512e+05   -7.58649e+05
    Temperature Pres. DC (bar) Pressure (bar)   Constr. rmsd
    2.98586e+02   -1.41926e+02    2.44779e+01    3.24687e-06

           Step           Time
          23500       47.00000

   Energies (kJ/mol)
           Bond          Angle    Proper Dih.  Improper Dih.          LJ-14
    4.80597e+03    1.34775e+04    1.69593e+04    7.59325e+02    6.66155e+03
     Coulomb-14        LJ (SR)  Disper. corr.   Coulomb (SR)   Coul. recip.
    8.66460e+04    1.52228e+05   -5.19375e+03   -1.20043e+06    3.07805e+03
 Position Rest.      Potential    Kinetic En.   Total Energy  Conserved En.
    1.61513e+03   -9.19388e+05    1.60453e+05   -7.58935e+05   -7.58693e+05
    Temperature Pres. DC (bar) Pressure (bar)   Constr. rmsd
    3.01994e+02   -1.40732e+02   -3.85952e+01    3.10132e-06

           Step           Time
          24000       48.00000

   Energies (kJ/mol)
           Bond          Angle    Proper Dih.  Improper Dih.          LJ-14
    4.92339e+03    1.29900e+04    1.70352e+04    8.02992e+02    6.67706e+03
     Coulomb-14        LJ (SR)  Disper. corr.   Coulomb (SR)   Coul. recip.
    8.64113e+04    1.53067e+05   -5.20654e+03   -1.20237e+06    2.96928e+03
 Position Rest.      Potential    Kinetic En.   Total Energy  Conserved En.
    1.52359e+03   -9.21179e+05    1.58903e+05   -7.62276e+05   -7.58694e+05
    Temperature Pres. DC (bar) Pressure (bar)   Constr. rmsd
    2.99077e+02   -1.41426e+02    1.42689e+02    3.07626e-06

           Step           Time
          24500       49.00000

   Energies (kJ/mol)
           Bond          Angle    Proper Dih.  Improper Dih.          LJ-14
    5.06215e+03    1.32395e+04    1.69263e+04    7.91988e+02    6.71353e+03
     Coulomb-14        LJ (SR)  Disper. corr.   Coulomb (SR)   Coul. recip.
    8.63928e+04    1.50663e+05   -5.19539e+03   -1.19849e+06    2.97457e+03
 Position Rest.      Potential    Kinetic En.   Total Energy  Conserved En.
    1.48167e+03   -9.19442e+05    1.60193e+05   -7.59249e+05   -7.58685e+05
    Temperature Pres. DC (bar) Pressure (bar)   Constr. rmsd
    3.01504e+02   -1.40821e+02   -9.86615e+01    3.03008e-06

           Step           Time
          25000       50.00000

   Energies (kJ/mol)
           Bond          Angle    Proper Dih.  Improper Dih.          LJ-14
    4.97465e+03    1.33020e+04    1.70407e+04    7.80229e+02    6.66945e+03
     Coulomb-14        LJ (SR)  Disper. corr.   Coulomb (SR)   Coul. recip.
    8.66603e+04    1.50566e+05   -5.21415e+03   -1.19915e+06    3.01914e+03
 Position Rest.      Potential    Kinetic En.   Total Energy  Conserved En.
    1.59779e+03   -9.19755e+05    1.60044e+05   -7.59711e+05   -7.58672e+05
    Temperature Pres. DC (bar) Pressure (bar)   Constr. rmsd
    3.01226e+02   -1.41839e+02   -1.08020e+02    3.07165e-06

           Step           Time
          25500       51.00000

   Energies (kJ/mol)
           Bond          Angle    Proper Dih.  Improper Dih.          LJ-14
    4.89388e+03    1.31043e+04    1.69714e+04    8.04238e+02    6.53750e+03
     Coulomb-14        LJ (SR)  Disper. corr.   Coulomb (SR)   Coul. recip.
    8.66306e+04    1.51969e+05   -5.20688e+03   -1.20171e+06    3.05570e+03
 Position Rest.      Potential    Kinetic En.   Total Energy  Conserved En.
    1.66135e+03   -9.21285e+05    1.58382e+05   -7.62903e+05   -7.58689e+05
    Temperature Pres. DC (bar) Pressure (bar)   Constr. rmsd
    2.98096e+02   -1.41444e+02   -2.51147e+02    2.95844e-06

           Step           Time
          26000       52.00000

   Energies (kJ/mol)
           Bond          Angle    Proper Dih.  Improper Dih.          LJ-14
    5.06698e+03    1.33603e+04    1.69663e+04    8.56304e+02    6.66635e+03
     Coulomb-14        LJ (SR)  Disper. corr.   Coulomb (SR)   Coul. recip.
    8.66096e+04    1.52569e+05   -5.20360e+03   -1.20200e+06    3.14036e+03
 Position Rest.      Potential    Kinetic En.   Total Energy  Conserved En.
    1.58505e+03   -9.20379e+05    1.59189e+05   -7.61191e+05   -7.58631e+05
    Temperature Pres. DC (bar) Pressure (bar)   Constr. rmsd
    2.99615e+02   -1.41266e+02    1.22690e+02    2.94899e-06

           Step           Time
          26500       53.00000

   Energies (kJ/mol)
           Bond          Angle    Proper Dih.  Improper Dih.          LJ-14
    5.18334e+03    1.29024e+04    1.69126e+04    8.12454e+02    6.64952e+03
     Coulomb-14        LJ (SR)  Disper. corr.   Coulomb (SR)   Coul. recip.
    8.63337e+04    1.52325e+05   -5.21737e+03   -1.20148e+06    3.08571e+03
 Position Rest.      Potential    Kinetic En.   Total Energy  Conserved En.
    1.48993e+03   -9.21007e+05    1.59705e+05   -7.61303e+05   -7.58705e+05
    Temperature Pres. DC (bar) Pressure (bar)   Constr. rmsd
    3.00586e+02   -1.42014e+02    6.66875e+01    2.98210e-06

           Step           Time
          27000       54.00000

   Energies (kJ/mol)
           Bond          Angle    Proper Dih.  Improper Dih.          LJ-14
    5.07252e+03    1.32063e+04    1.71868e+04    8.29290e+02    6.66787e+03
     Coulomb-14        LJ (SR)  Disper. corr.   Coulomb (SR)   Coul. recip.
    8.63531e+04    1.52297e+05   -5.20590e+03   -1.19906e+06    3.11429e+03
 Position Rest.      Potential    Kinetic En.   Total Energy  Conserved En.
    1.65305e+03   -9.17885e+05    1.61339e+05   -7.56546e+05   -7.58709e+05
    Temperature Pres. DC (bar) Pressure (bar)   Constr. rmsd
    3.03662e+02   -1.41391e+02    1.64746e+02    3.02871e-06

           Step           Time
          27500       55.00000

   Energies (kJ/mol)
           Bond          Angle    Proper Dih.  Improper Dih.          LJ-14
    4.85099e+03    1.32537e+04    1.69906e+04    8.00199e+02    6.53364e+03
     Coulomb-14        LJ (SR)  Disper. corr.   Coulomb (SR)   Coul. recip.
    8.63728e+04    1.51839e+05   -5.18955e+03   -1.20040e+06    3.07818e+03
 Position Rest.      Potential    Kinetic En.   Total Energy  Conserved En.
    1.53012e+03   -9.20343e+05    1.59195e+05   -7.61149e+05   -7.58708e+05
    Temperature Pres. DC (bar) Pressure (bar)   Constr. rmsd
    2.99627e+02   -1.40505e+02   -1.79416e+01    3.10927e-06

           Step           Time
          28000       56.00000

   Energies (kJ/mol)
           Bond          Angle    Proper Dih.  Improper Dih.          LJ-14
    4.91576e+03    1.31057e+04    1.71527e+04    8.32118e+02    6.66172e+03
     Coulomb-14        LJ (SR)  Disper. corr.   Coulomb (SR)   Coul. recip.
    8.64665e+04    1.52017e+05   -5.21451e+03   -1.20051e+06    3.05668e+03
 Position Rest.      Potential    Kinetic En.   Total Energy  Conserved En.
    1.63095e+03   -9.19882e+05    1.59159e+05   -7.60724e+05   -7.58704e+05
    Temperature Pres. DC (bar) Pressure (bar)   Constr. rmsd
    2.99559e+02   -1.41859e+02    8.47886e+01    2.87929e-06

           Step           Time
          28500       57.00000

   Energies (kJ/mol)
           Bond          Angle    Proper Dih.  Improper Dih.          LJ-14
    4.97911e+03    1.30031e+04    1.70162e+04    8.65562e+02    6.72784e+03
     Coulomb-14        LJ (SR)  Disper. corr.   Coulomb (SR)   Coul. recip.
    8.65069e+04    1.50740e+05   -5.19151e+03   -1.19727e+06    3.14898e+03
 Position Rest.      Potential    Kinetic En.   Total Energy  Conserved En.
    1.56863e+03   -9.17901e+05    1.59566e+05   -7.58335e+05   -7.58706e+05
    Temperature Pres. DC (bar) Pressure (bar)   Constr. rmsd
    3.00325e+02   -1.40611e+02   -2.25305e+00    3.07126e-06

           Step           Time
          29000       58.00000

   Energies (kJ/mol)
           Bond          Angle    Proper Dih.  Improper Dih.          LJ-14
    4.99100e+03    1.32993e+04    1.70597e+04    8.30702e+02    6.77781e+03
     Coulomb-14        LJ (SR)  Disper. corr.   Coulomb (SR)   Coul. recip.
    8.62159e+04    1.51362e+05   -5.19427e+03   -1.19754e+06    3.04209e+03
 Position Rest.      Potential    Kinetic En.   Total Energy  Conserved En.
    1.59259e+03   -9.17564e+05    1.60311e+05   -7.57253e+05   -7.58682e+05
    Temperature Pres. DC (bar) Pressure (bar)   Constr. rmsd
    3.01727e+02   -1.40760e+02    1.38820e+02    2.95139e-06

           Step           Time
          29500       59.00000

   Energies (kJ/mol)
           Bond          Angle    Proper Dih.  Improper Dih.          LJ-14
    5.03950e+03    1.31509e+04    1.70910e+04    8.95354e+02    6.77958e+03
     Coulomb-14        LJ (SR)  Disper. corr.   Coulomb (SR)   Coul. recip.
    8.64339e+04    1.50249e+05   -5.19463e+03   -1.19611e+06    3.03334e+03
 Position Rest.      Potential    Kinetic En.   Total Energy  Conserved En.
    1.56505e+03   -9.17069e+05    1.58976e+05   -7.58093e+05   -7.58671e+05
    Temperature Pres. DC (bar) Pressure (bar)   Constr. rmsd
    2.99215e+02   -1.40780e+02    4.00422e+01    2.88482e-06

           Step           Time
          30000       60.00000

   Energies (kJ/mol)
           Bond          Angle    Proper Dih.  Improper Dih.          LJ-14
    5.07767e+03    1.29268e+04    1.71957e+04    8.14352e+02    6.73784e+03
     Coulomb-14        LJ (SR)  Disper. corr.   Coulomb (SR)   Coul. recip.
    8.66040e+04    1.50138e+05   -5.20514e+03   -1.19727e+06    2.96592e+03
 Position Rest.      Potential    Kinetic En.   Total Energy  Conserved En.
    1.59746e+03   -9.18421e+05    1.59823e+05   -7.58598e+05   -7.58700e+05
    Temperature Pres. DC (bar) Pressure (bar)   Constr. rmsd
    3.00810e+02   -1.41350e+02   -3.10477e+01    2.92476e-06

           Step           Time
          30500       61.00000

   Energies (kJ/mol)
           Bond          Angle    Proper Dih.  Improper Dih.          LJ-14
    4.98081e+03    1.29024e+04    1.70818e+04    8.30394e+02    6.71677e+03
     Coulomb-14        LJ (SR)  Disper. corr.   Coulomb (SR)   Coul. recip.
    8.68295e+04    1.50064e+05   -5.20213e+03   -1.19825e+06    3.05240e+03
 Position Rest.      Potential    Kinetic En.   Total Energy  Conserved En.
    1.50766e+03   -9.19482e+05    1.58820e+05   -7.60662e+05   -7.58693e+05
    Temperature Pres. DC (bar) Pressure (bar)   Constr. rmsd
    2.98921e+02   -1.41186e+02   -5.01810e+01    3.15549e-06

           Step           Time
          31000       62.00000

   Energies (kJ/mol)
           Bond          Angle    Proper Dih.  Improper Dih.          LJ-14
    5.14331e+03    1.31055e+04    1.70543e+04    8.12625e+02    6.74824e+03
     Coulomb-14        LJ (SR)  Disper. corr.   Coulomb (SR)   Coul. recip.
    8.64924e+04    1.49174e+05   -5.19764e+03   -1.19603e+06    3.05164e+03
 Position Rest.      Potential    Kinetic En.   Total Energy  Conserved En.
    1.52880e+03   -9.18112e+05    1.59884e+05   -7.58228e+05   -7.58729e+05
    Temperature Pres. DC (bar) Pressure (bar)   Constr. rmsd
    3.00924e+02   -1.40943e+02   -2.62888e+02    3.07553e-06

           Step           Time
          31500       63.00000

   Energies (kJ/mol)
           Bond          Angle    Proper Dih.  Improper Dih.          LJ-14
    5.06035e+03    1.34191e+04    1.69059e+04    8.14351e+02    6.51628e+03
     Coulomb-14        LJ (SR)  Disper. corr.   Coulomb (SR)   Coul. recip.
    8.62521e+04    1.50220e+05   -5.21402e+03   -1.19716e+06    3.10931e+03
 Position Rest.      Potential    Kinetic En.   Total Energy  Conserved En.
    1.55944e+03   -9.18521e+05    1.59515e+05   -7.59006e+05   -7.58719e+05
    Temperature Pres. DC (bar) Pressure (bar)   Constr. rmsd
    3.00229e+02   -1.41832e+02   -1.79938e+02    3.14745e-06

           Step           Time
          32000       64.00000

   Energies (kJ/mol)
           Bond          Angle    Proper Dih.  Improper Dih.          LJ-14
    4.88783e+03    1.32009e+04    1.70052e+04    8.24496e+02    6.76227e+03
     Coulomb-14        LJ (SR)  Disper. corr.   Coulomb (SR)   Coul. recip.
    8.65584e+04    1.51300e+05   -5.20816e+03   -1.19935e+06    3.03634e+03
 Position Rest.      Potential    Kinetic En.   Total Energy  Conserved En.
    1.54290e+03   -9.19437e+05    1.60052e+05   -7.59385e+05   -7.58723e+05
    Temperature Pres. DC (bar) Pressure (bar)   Constr. rmsd
    3.01240e+02   -1.41513e+02    8.47520e+01    3.19260e-06

           Step           Time
          32500       65.00000

   Energies (kJ/mol)
           Bond          Angle    Proper Dih.  Improper Dih.          LJ-14
    4.96470e+03    1.35032e+04    1.70494e+04    8.43251e+02    6.65702e+03
     Coulomb-14        LJ (SR)  Disper. corr.   Coulomb (SR)   Coul. recip.
    8.61526e+04    1.49792e+05   -5.19146e+03   -1.19704e+06    3.05867e+03
 Position Rest.      Potential    Kinetic En.   Total Energy  Conserved En.
    1.53654e+03   -9.18675e+05    1.59306e+05   -7.59369e+05   -7.58731e+05
    Temperature Pres. DC (bar) Pressure (bar)   Constr. rmsd
    2.99836e+02   -1.40608e+02   -1.21990e+02    3.09375e-06

           Step           Time
          33000       66.00000

   Energies (kJ/mol)
           Bond          Angle    Proper Dih.  Improper Dih.          LJ-14
    5.01542e+03    1.34518e+04    1.69898e+04    8.50807e+02    6.62919e+03
     Coulomb-14        LJ (SR)  Disper. corr.   Coulomb (SR)   Coul. recip.
    8.63652e+04    1.50901e+05   -5.20850e+03   -1.19884e+06    3.04060e+03
 Position Rest.      Potential    Kinetic En.   Total Energy  Conserved En.
    1.62974e+03   -9.19177e+05    1.59637e+05   -7.59540e+05   -7.58715e+05
    Temperature Pres. DC (bar) Pressure (bar)   Constr. rmsd
    3.00459e+02   -1.41532e+02   -2.59728e+02    3.14504e-06

           Step           Time
          33500       67.00000

   Energies (kJ/mol)
           Bond          Angle    Proper Dih.  Improper Dih.          LJ-14
    4.98876e+03    1.31675e+04    1.69143e+04    7.95879e+02    6.71691e+03
     Coulomb-14        LJ (SR)  Disper. corr.   Coulomb (SR)   Coul. recip.
    8.63489e+04    1.51591e+05   -5.20585e+03   -1.20006e+06    2.99709e+03
 Position Rest.      Potential    Kinetic En.   Total Energy  Conserved En.
    1.58413e+03   -9.20161e+05    1.59602e+05   -7.60559e+05   -7.58735e+05
    Temperature Pres. DC (bar) Pressure (bar)   Constr. rmsd
    3.00393e+02   -1.41388e+02   -1.02422e+02    2.91923e-06

           Step           Time
          34000       68.00000

   Energies (kJ/mol)
           Bond          Angle    Proper Dih.  Improper Dih.          LJ-14
    5.01251e+03    1.30523e+04    1.70479e+04    8.36381e+02    6.57798e+03
     Coulomb-14        LJ (SR)  Disper. corr.   Coulomb (SR)   Coul. recip.
    8.62282e+04    1.49320e+05   -5.19733e+03   -1.19766e+06    3.13824e+03
 Position Rest.      Potential    Kinetic En.   Total Energy  Conserved En.
    1.63412e+03   -9.20011e+05    1.57581e+05   -7.62430e+05   -7.58698e+05
    Temperature Pres. DC (bar) Pressure (bar)   Constr. rmsd
    2.96588e+02   -1.40926e+02   -3.94476e+02    2.94887e-06

           Step           Time
          34500       69.00000

   Energies (kJ/mol)
           Bond          Angle    Proper Dih.  Improper Dih.          LJ-14
    4.75840e+03    1.34342e+04    1.70369e+04    8.53604e+02    6.72195e+03
     Coulomb-14        LJ (SR)  Disper. corr.   Coulomb (SR)   Coul. recip.
    8.67833e+04    1.49915e+05   -5.21004e+03   -1.19755e+06    3.10401e+03
 Position Rest.      Potential    Kinetic En.   Total Energy  Conserved En.
    1.55731e+03   -9.18600e+05    1.59722e+05   -7.58878e+05   -7.58720e+05
    Temperature Pres. DC (bar) Pressure (bar)   Constr. rmsd
    3.00618e+02   -1.41616e+02   -5.84443e+01    3.03017e-06

           Step           Time
          35000       70.00000

   Energies (kJ/mol)
           Bond          Angle    Proper Dih.  Improper Dih.          LJ-14
    4.72127e+03    1.32599e+04    1.70346e+04    8.39137e+02    6.66926e+03
     Coulomb-14        LJ (SR)  Disper. corr.   Coulomb (SR)   Coul. recip.
    8.62940e+04    1.48851e+05   -5.20652e+03   -1.19627e+06    3.02677e+03
 Position Rest.      Potential    Kinetic En.   Total Energy  Conserved En.
    1.53440e+03   -9.19246e+05    1.59333e+05   -7.59913e+05   -7.58755e+05
    Temperature Pres. DC (bar) Pressure (bar)   Constr. rmsd
    2.99887e+02   -1.41425e+02   -2.36198e+02    3.21495e-06

           Step           Time
          35500       71.00000

   Energies (kJ/mol)
           Bond          Angle    Proper Dih.  Improper Dih.          LJ-14
    5.29787e+03    1.30410e+04    1.72582e+04    8.37277e+02    6.66995e+03
     Coulomb-14        LJ (SR)  Disper. corr.   Coulomb (SR)   Coul. recip.
    8.62286e+04    1.49916e+05   -5.21478e+03   -1.19661e+06    3.04560e+03
 Position Rest.      Potential    Kinetic En.   Total Energy  Conserved En.
    1.58166e+03   -9.17948e+05    1.59842e+05   -7.58106e+05   -7.58701e+05
    Temperature Pres. DC (bar) Pressure (bar)   Constr. rmsd
    3.00845e+02   -1.41873e+02   -1.75775e+02    3.09920e-06

           Step           Time
          36000       72.00000

   Energies (kJ/mol)
           Bond          Angle    Proper Dih.  Improper Dih.          LJ-14
    4.99049e+03    1.32109e+04    1.71271e+04    8.70215e+02    6.80966e+03
     Coulomb-14        LJ (SR)  Disper. corr.   Coulomb (SR)   Coul. recip.
    8.66140e+04    1.50334e+05   -5.19636e+03   -1.19690e+06    3.05861e+03
 Position Rest.      Potential    Kinetic En.   Total Energy  Conserved En.
    1.63601e+03   -9.17450e+05    1.60809e+05   -7.56641e+05   -7.58712e+05
    Temperature Pres. DC (bar) Pressure (bar)   Constr. rmsd
    3.02666e+02   -1.40873e+02   -1.45278e+01    2.95466e-06

           Step           Time
          36500       73.00000

   Energies (kJ/mol)
           Bond          Angle    Proper Dih.  Improper Dih.          LJ-14
    4.87523e+03    1.35708e+04    1.69025e+04    8.36952e+02    6.77177e+03
     Coulomb-14        LJ (SR)  Disper. corr.   Coulomb (SR)   Coul. recip.
    8.64712e+04    1.50802e+05   -5.20217e+03   -1.19853e+06    2.99247e+03
 Position Rest.      Potential    Kinetic En.   Total Energy  Conserved En.
    1.54731e+03   -9.18963e+05    1.59219e+05   -7.59744e+05   -7.58670e+05
    Temperature Pres. DC (bar) Pressure (bar)   Constr. rmsd
    2.99672e+02   -1.41188e+02   -7.49723e+01    2.99423e-06

           Step           Time
          37000       74.00000

   Energies (kJ/mol)
           Bond          Angle    Proper Dih.  Improper Dih.          LJ-14
    4.91690e+03    1.30276e+04    1.70511e+04    8.10901e+02    6.69097e+03
     Coulomb-14        LJ (SR)  Disper. corr.   Coulomb (SR)   Coul. recip.
    8.62942e+04    1.50717e+05   -5.21712e+03   -1.19902e+06    3.05919e+03
 Position Rest.      Potential    Kinetic En.   Total Energy  Conserved En.
    1.49864e+03   -9.20173e+05    1.58693e+05   -7.61479e+05   -7.58744e+05
    Temperature Pres. DC (bar) Pressure (bar)   Constr. rmsd
    2.98683e+02   -1.42000e+02    8.61420e+00    3.02559e-06

           Step           Time
          37500       75.00000

   Energies (kJ/mol)
           Bond          Angle    Proper Dih.  Improper Dih.          LJ-14
    4.96332e+03    1.30778e+04    1.70197e+04    8.07118e+02    6.66960e+03
     Coulomb-14        LJ (SR)  Disper. corr.   Coulomb (SR)   Coul. recip.
    8.65439e+04    1.51895e+05   -5.21488e+03   -1.20089e+06    3.07771e+03
 Position Rest.      Potential    Kinetic En.   Total Energy  Conserved En.
    1.48736e+03   -9.20564e+05    1.58468e+05   -7.62096e+05   -7.58685e+05
    Temperature Pres. DC (bar) Pressure (bar)   Constr. rmsd
    2.98259e+02   -1.41878e+02    3.79170e+01    2.91303e-06

           Step           Time
          38000       76.00000

   Energies (kJ/mol)
           Bond          Angle    Proper Dih.  Improper Dih.          LJ-14
    4.76431e+03    1.32206e+04    1.70774e+04    8.73371e+02    6.68597e+03
     Coulomb-14        LJ (SR)  Disper. corr.   Coulomb (SR)   Coul. recip.
    8.64943e+04    1.49985e+05   -5.18931e+03   -1.19792e+06    3.11079e+03
 Position Rest.      Potential    Kinetic En.   Total Energy  Conserved En.
    1.57342e+03   -9.19321e+05    1.60942e+05   -7.58379e+05   -7.58723e+05
    Temperature Pres. DC (bar) Pressure (bar)   Constr. rmsd
    3.02915e+02   -1.40492e+02   -1.45396e+02    3.01090e-06

           Step           Time
          38500       77.00000

   Energies (kJ/mol)
           Bond          Angle    Proper Dih.  Improper Dih.          LJ-14
    4.82904e+03    1.30435e+04    1.71086e+04    8.61641e+02    6.75665e+03
     Coulomb-14        LJ (SR)  Disper. corr.   Coulomb (SR)   Coul. recip.
    8.63714e+04    1.51577e+05   -5.21462e+03   -1.20128e+06    3.06537e+03
 Position Rest.      Potential    Kinetic En.   Total Energy  Conserved En.
    1.54056e+03   -9.21340e+05    1.58657e+05   -7.62683e+05   -7.58723e+05
    Temperature Pres. DC (bar) Pressure (bar)   Constr. rmsd
    2.98614e+02   -1.41864e+02   -8.84283e+00    2.95730e-06

           Step           Time
          39000       78.00000

   Energies (kJ/mol)
           Bond          Angle    Proper Dih.  Improper Dih.          LJ-14
    4.90676e+03    1.30339e+04    1.70250e+04    7.83071e+02    6.69402e+03
     Coulomb-14        LJ (SR)  Disper. corr.   Coulomb (SR)   Coul. recip.
    8.65096e+04    1.49962e+05   -5.20973e+03   -1.19869e+06    3.05346e+03
 Position Rest.      Potential    Kinetic En.   Total Energy  Conserved En.
    1.56311e+03   -9.20367e+05    1.58728e+05   -7.61639e+05   -7.58718e+05
    Temperature Pres. DC (bar) Pressure (bar)   Constr. rmsd
    2.98749e+02   -1.41599e+02   -1.28440e+02    2.91380e-06

           Step           Time
          39500       79.00000

   Energies (kJ/mol)
           Bond          Angle    Proper Dih.  Improper Dih.          LJ-14
    4.81070e+03    1.30398e+04    1.69953e+04    7.94557e+02    6.78784e+03
     Coulomb-14        LJ (SR)  Disper. corr.   Coulomb (SR)   Coul. recip.
    8.65651e+04    1.50438e+05   -5.20115e+03   -1.19929e+06    3.08466e+03
 Position Rest.      Potential    Kinetic En.   Total Energy  Conserved En.
    1.55129e+03   -9.20429e+05    1.59778e+05   -7.60650e+05   -7.58736e+05
    Temperature Pres. DC (bar) Pressure (bar)   Constr. rmsd
    3.00725e+02   -1.41133e+02    6.37975e+01    2.98765e-06

           Step           Time
          40000       80.00000

   Energies (kJ/mol)
           Bond          Angle    Proper Dih.  Improper Dih.          LJ-14
    4.96509e+03    1.30668e+04    1.70993e+04    8.17036e+02    6.66696e+03
     Coulomb-14        LJ (SR)  Disper. corr.   Coulomb (SR)   Coul. recip.
    8.65465e+04    1.51307e+05   -5.21404e+03   -1.19902e+06    3.08266e+03
 Position Rest.      Potential    Kinetic En.   Total Energy  Conserved En.
    1.54655e+03   -9.19134e+05    1.59723e+05   -7.59411e+05   -7.58718e+05
    Temperature Pres. DC (bar) Pressure (bar)   Constr. rmsd
    3.00620e+02   -1.41833e+02   -8.94746e+01    3.09996e-06

           Step           Time
          40500       81.00000

   Energies (kJ/mol)
           Bond          Angle    Proper Dih.  Improper Dih.          LJ-14
    5.20554e+03    1.30269e+04    1.69809e+04    8.36664e+02    6.78192e+03
     Coulomb-14        LJ (SR)  Disper. corr.   Coulomb (SR)   Coul. recip.
    8.65406e+04    1.51143e+05   -5.19064e+03   -1.19804e+06    3.08250e+03
 Position Rest.      Potential    Kinetic En.   Total Energy  Conserved En.
    1.51819e+03   -9.18114e+05    1.59129e+05   -7.58985e+05   -7.58720e+05
    Temperature Pres. DC (bar) Pressure (bar)   Constr. rmsd
    2.99503e+02   -1.40564e+02    1.16580e+00    3.01769e-06

           Step           Time
          41000       82.00000

   Energies (kJ/mol)
           Bond          Angle    Proper Dih.  Improper Dih.          LJ-14
    5.05707e+03    1.29823e+04    1.70051e+04    8.82765e+02    6.73202e+03
     Coulomb-14        LJ (SR)  Disper. corr.   Coulomb (SR)   Coul. recip.
    8.65729e+04    1.52965e+05   -5.21226e+03   -1.20212e+06    3.09466e+03
 Position Rest.      Potential    Kinetic En.   Total Energy  Conserved En.
    1.51907e+03   -9.20521e+05    1.58968e+05   -7.61554e+05   -7.58715e+05
    Temperature Pres. DC (bar) Pressure (bar)   Constr. rmsd
    2.99199e+02   -1.41736e+02    2.66686e+02    3.13775e-06

           Step           Time
          41500       83.00000

   Energies (kJ/mol)
           Bond          Angle    Proper Dih.  Improper Dih.          LJ-14
    5.10867e+03    1.32001e+04    1.71668e+04    8.49763e+02    6.59526e+03
     Coulomb-14        LJ (SR)  Disper. corr.   Coulomb (SR)   Coul. recip.
    8.62508e+04    1.51530e+05   -5.18387e+03   -1.19802e+06    3.17523e+03
 Position Rest.      Potential    Kinetic En.   Total Energy  Conserved En.
    1.51397e+03   -9.17812e+05    1.59824e+05   -7.57989e+05   -7.58713e+05
    Temperature Pres. DC (bar) Pressure (bar)   Constr. rmsd
    3.00810e+02   -1.40197e+02   -1.44400e+02    3.21662e-06

           Step           Time
          42000       84.00000

   Energies (kJ/mol)
           Bond          Angle    Proper Dih.  Improper Dih.          LJ-14
    5.16511e+03    1.33015e+04    1.70000e+04    7.96324e+02    6.68919e+03
     Coulomb-14        LJ (SR)  Disper. corr.   Coulomb (SR)   Coul. recip.
    8.61766e+04    1.51228e+05   -5.21043e+03   -1.19984e+06    3.10671e+03
 Position Rest.      Potential    Kinetic En.   Total Energy  Conserved En.
    1.48588e+03   -9.20105e+05    1.60223e+05   -7.59882e+05   -7.58732e+05
    Temperature Pres. DC (bar) Pressure (bar)   Constr. rmsd
    3.01561e+02   -1.41636e+02    8.46641e+01    3.03196e-06

           Step           Time
          42500       85.00000

   Energies (kJ/mol)
           Bond          Angle    Proper Dih.  Improper Dih.          LJ-14
    5.24979e+03    1.34175e+04    1.69340e+04    8.28434e+02    6.52692e+03
     Coulomb-14        LJ (SR)  Disper. corr.   Coulomb (SR)   Coul. recip.
    8.62339e+04    1.50983e+05   -5.18744e+03   -1.19848e+06    3.07952e+03
 Position Rest.      Potential    Kinetic En.   Total Energy  Conserved En.
    1.55072e+03   -9.18867e+05    1.59968e+05   -7.58899e+05   -7.58704e+05
    Temperature Pres. DC (bar) Pressure (bar)   Constr. rmsd
    3.01082e+02   -1.40390e+02   -2.09324e+02    2.89714e-06

           Step           Time
          43000       86.00000

   Energies (kJ/mol)
           Bond          Angle    Proper Dih.  Improper Dih.          LJ-14
    5.00162e+03    1.31043e+04    1.70225e+04    7.67857e+02    6.74582e+03
     Coulomb-14        LJ (SR)  Disper. corr.   Coulomb (SR)   Coul. recip.
    8.64242e+04    1.52346e+05   -5.20381e+03   -1.20001e+06    2.99579e+03
 Position Rest.      Potential    Kinetic En.   Total Energy  Conserved En.
    1.57328e+03   -9.19235e+05    1.58211e+05   -7.61024e+05   -7.58694e+05
    Temperature Pres. DC (bar) Pressure (bar)   Constr. rmsd
    2.97775e+02   -1.41277e+02    9.65733e+01    2.84364e-06

           Step           Time
          43500       87.00000

   Energies (kJ/mol)
           Bond          Angle    Proper Dih.  Improper Dih.          LJ-14
    4.81013e+03    1.31927e+04    1.70668e+04    8.64562e+02    6.78465e+03
     Coulomb-14        LJ (SR)  Disper. corr.   Coulomb (SR)   Coul. recip.
    8.63241e+04    1.51441e+05   -5.21138e+03   -1.19935e+06    3.06141e+03
 Position Rest.      Potential    Kinetic En.   Total Energy  Conserved En.
    1.53400e+03   -9.19485e+05    1.59253e+05   -7.60232e+05   -7.58674e+05
    Temperature Pres. DC (bar) Pressure (bar)   Constr. rmsd
    2.99736e+02   -1.41688e+02    1.61088e+02    3.05638e-06

           Step           Time
          44000       88.00000

   Energies (kJ/mol)
           Bond          Angle    Proper Dih.  Improper Dih.          LJ-14
    5.09098e+03    1.33295e+04    1.71476e+04    8.38892e+02    6.65853e+03
     Coulomb-14        LJ (SR)  Disper. corr.   Coulomb (SR)   Coul. recip.
    8.62953e+04    1.50037e+05   -5.19487e+03   -1.19703e+06    3.04309e+03
 Position Rest.      Potential    Kinetic En.   Total Energy  Conserved En.
    1.50033e+03   -9.18280e+05    1.58654e+05   -7.59626e+05   -7.58654e+05
    Temperature Pres. DC (bar) Pressure (bar)   Constr. rmsd
    2.98609e+02   -1.40793e+02   -2.03694e+02    3.08212e-06

           Step           Time
          44500       89.00000

   Energies (kJ/mol)
           Bond          Angle    Proper Dih.  Improper Dih.          LJ-14
    4.99675e+03    1.30903e+04    1.69854e+04    7.88076e+02    6.70665e+03
     Coulomb-14        LJ (SR)  Disper. corr.   Coulomb (SR)   Coul. recip.
    8.63919e+04    1.50783e+05   -5.22192e+03   -1.19869e+06    3.01555e+03
 Position Rest.      Potential    Kinetic En.   Total Energy  Conserved En.
    1.57818e+03   -9.19577e+05    1.58211e+05   -7.61365e+05   -7.58671e+05
    Temperature Pres. DC (bar) Pressure (bar)   Constr. rmsd
    2.97775e+02   -1.42261e+02    4.26875e+00    2.89418e-06

           Step           Time
          45000       90.00000

   Energies (kJ/mol)
           Bond          Angle    Proper Dih.  Improper Dih.          LJ-14
    4.92614e+03    1.29982e+04    1.70526e+04    7.34066e+02    6.65790e+03
     Coulomb-14        LJ (SR)  Disper. corr.   Coulomb (SR)   Coul. recip.
    8.66767e+04    1.50324e+05   -5.19447e+03   -1.19892e+06    3.08730e+03
 Position Rest.      Potential    Kinetic En.   Total Energy  Conserved En.
    1.51810e+03   -9.20144e+05    1.58494e+05   -7.61650e+05   -7.58670e+05
    Temperature Pres. DC (bar) Pressure (bar)   Constr. rmsd
    2.98307e+02   -1.40771e+02   -2.16200e+02    2.92985e-06

           Step           Time
          45500       91.00000

   Energies (kJ/mol)
           Bond          Angle    Proper Dih.  Improper Dih.          LJ-14
    5.01200e+03    1.31490e+04    1.71104e+04    8.46782e+02    6.60369e+03
     Coulomb-14        LJ (SR)  Disper. corr.   Coulomb (SR)   Coul. recip.
    8.62816e+04    1.50057e+05   -5.19370e+03   -1.19838e+06    3.08124e+03
 Position Rest.      Potential    Kinetic En.   Total Energy  Conserved En.
    1.52723e+03   -9.19908e+05    1.59662e+05   -7.60246e+05   -7.58700e+05
    Temperature Pres. DC (bar) Pressure (bar)   Constr. rmsd
    3.00506e+02   -1.40729e+02   -3.04831e+02    3.04653e-06

           Step           Time
          46000       92.00000

   Energies (kJ/mol)
           Bond          Angle    Proper Dih.  Improper Dih.          LJ-14
    4.85535e+03    1.30831e+04    1.68873e+04    8.20896e+02    6.74198e+03
     Coulomb-14        LJ (SR)  Disper. corr.   Coulomb (SR)   Coul. recip.
    8.64536e+04    1.52511e+05   -5.20384e+03   -1.20179e+06    3.01928e+03
 Position Rest.      Potential    Kinetic En.   Total Energy  Conserved En.
    1.61793e+03   -9.21008e+05    1.58951e+05   -7.62057e+05   -7.58667e+05
    Temperature Pres. DC (bar) Pressure (bar)   Constr. rmsd
    2.99167e+02   -1.41279e+02    1.09055e+02    2.84275e-06

           Step           Time
          46500       93.00000

   Energies (kJ/mol)
           Bond          Angle    Proper Dih.  Improper Dih.          LJ-14
    4.91698e+03    1.30474e+04    1.69009e+04    8.46604e+02    6.72285e+03
     Coulomb-14        LJ (SR)  Disper. corr.   Coulomb (SR)   Coul. recip.
    8.64653e+04    1.51512e+05   -5.20299e+03   -1.19974e+06    3.00205e+03
 Position Rest.      Potential    Kinetic En.   Total Energy  Conserved En.
    1.48560e+03   -9.20042e+05    1.59780e+05   -7.60262e+05   -7.58709e+05
    Temperature Pres. DC (bar) Pressure (bar)   Constr. rmsd
    3.00727e+02   -1.41233e+02    5.57356e+01    3.00299e-06

           Step           Time
          47000       94.00000

   Energies (kJ/mol)
           Bond          Angle    Proper Dih.  Improper Dih.          LJ-14
    4.84697e+03    1.31140e+04    1.68940e+04    8.18505e+02    6.67259e+03
     Coulomb-14        LJ (SR)  Disper. corr.   Coulomb (SR)   Coul. recip.
    8.62608e+04    1.51497e+05   -5.21041e+03   -1.20081e+06    3.05824e+03
 Position Rest.      Potential    Kinetic En.   Total Energy  Conserved En.
    1.45264e+03   -9.21407e+05    1.59208e+05   -7.62200e+05   -7.58696e+05
    Temperature Pres. DC (bar) Pressure (bar)   Constr. rmsd
    2.99651e+02   -1.41635e+02    3.65299e+01    3.12435e-06

           Step           Time
          47500       95.00000

   Energies (kJ/mol)
           Bond          Angle    Proper Dih.  Improper Dih.          LJ-14
    4.96252e+03    1.31584e+04    1.70168e+04    7.37119e+02    6.79455e+03
     Coulomb-14        LJ (SR)  Disper. corr.   Coulomb (SR)   Coul. recip.
    8.65320e+04    1.50048e+05   -5.19911e+03   -1.19884e+06    3.11180e+03
 Position Rest.      Potential    Kinetic En.   Total Energy  Conserved En.
    1.52670e+03   -9.20154e+05    1.58943e+05   -7.61212e+05   -7.58684e+05
    Temperature Pres. DC (bar) Pressure (bar)   Constr. rmsd
    2.99152e+02   -1.41023e+02   -1.88112e+02    3.10099e-06

           Step           Time
          48000       96.00000

   Energies (kJ/mol)
           Bond          Angle    Proper Dih.  Improper Dih.          LJ-14
    4.94231e+03    1.33590e+04    1.70680e+04    8.29462e+02    6.68478e+03
     Coulomb-14        LJ (SR)  Disper. corr.   Coulomb (SR)   Coul. recip.
    8.64628e+04    1.51264e+05   -5.20900e+03   -1.19876e+06    3.04968e+03
 Position Rest.      Potential    Kinetic En.   Total Energy  Conserved En.
    1.54249e+03   -9.18770e+05    1.59328e+05   -7.59442e+05   -7.58684e+05
    Temperature Pres. DC (bar) Pressure (bar)   Constr. rmsd
    2.99878e+02   -1.41559e+02   -2.95323e+01    2.88966e-06

           Step           Time
          48500       97.00000

   Energies (kJ/mol)
           Bond          Angle    Proper Dih.  Improper Dih.          LJ-14
    4.94189e+03    1.28918e+04    1.69825e+04    8.69074e+02    6.71886e+03
     Coulomb-14        LJ (SR)  Disper. corr.   Coulomb (SR)   Coul. recip.
    8.64408e+04    1.51097e+05   -5.20585e+03   -1.20048e+06    2.99461e+03
 Position Rest.      Potential    Kinetic En.   Total Energy  Conserved En.
    1.50013e+03   -9.21250e+05    1.59649e+05   -7.61601e+05   -7.58761e+05
    Temperature Pres. DC (bar) Pressure (bar)   Constr. rmsd
    3.00481e+02   -1.41388e+02    1.55355e+02    3.23106e-06

           Step           Time
          49000       98.00000

   Energies (kJ/mol)
           Bond          Angle    Proper Dih.  Improper Dih.          LJ-14
    4.89019e+03    1.31967e+04    1.69763e+04    8.27786e+02    6.72410e+03
     Coulomb-14        LJ (SR)  Disper. corr.   Coulomb (SR)   Coul. recip.
    8.64939e+04    1.51528e+05   -5.20132e+03   -1.20036e+06    3.14304e+03
 Position Rest.      Potential    Kinetic En.   Total Energy  Conserved En.
    1.58976e+03   -9.20190e+05    1.60071e+05   -7.60119e+05   -7.58732e+05
    Temperature Pres. DC (bar) Pressure (bar)   Constr. rmsd
    3.01276e+02   -1.41142e+02   -2.40055e+01    2.77532e-06

           Step           Time
          49500       99.00000

   Energies (kJ/mol)
           Bond          Angle    Proper Dih.  Improper Dih.          LJ-14
    5.09374e+03    1.31713e+04    1.69773e+04    8.05525e+02    6.78905e+03
     Coulomb-14        LJ (SR)  Disper. corr.   Coulomb (SR)   Coul. recip.
    8.67199e+04    1.51607e+05   -5.21102e+03   -1.20040e+06    3.12344e+03
 Position Rest.      Potential    Kinetic En.   Total Energy  Conserved En.
    1.51832e+03   -9.19807e+05    1.58885e+05   -7.60923e+05   -7.58695e+05
    Temperature Pres. DC (bar) Pressure (bar)   Constr. rmsd
    2.99043e+02   -1.41669e+02    9.72210e+01    2.91241e-06

           Step           Time
          50000      100.00000

Writing checkpoint, step 50000 at Mon Jul  3 01:14:13 2023


   Energies (kJ/mol)
           Bond          Angle    Proper Dih.  Improper Dih.          LJ-14
    5.01871e+03    1.32248e+04    1.70229e+04    8.32768e+02    6.68748e+03
     Coulomb-14        LJ (SR)  Disper. corr.   Coulomb (SR)   Coul. recip.
    8.68184e+04    1.52618e+05   -5.19724e+03   -1.20043e+06    3.04045e+03
 Position Rest.      Potential    Kinetic En.   Total Energy  Conserved En.
    1.50307e+03   -9.18857e+05    1.59630e+05   -7.59226e+05   -7.58670e+05
    Temperature Pres. DC (bar) Pressure (bar)   Constr. rmsd
    3.00446e+02   -1.40921e+02    2.10101e+02    2.82119e-06


	<======  ###############  ==>
	<====  A V E R A G E S  ====>
	<==  ###############  ======>

	Statistics over 50001 steps using 501 frames

   Energies (kJ/mol)
           Bond          Angle    Proper Dih.  Improper Dih.          LJ-14
    4.97797e+03    1.31707e+04    1.70478e+04    8.24834e+02    6.69552e+03
     Coulomb-14        LJ (SR)  Disper. corr.   Coulomb (SR)   Coul. recip.
    8.64521e+04    1.51409e+05   -5.20167e+03   -1.19948e+06    3.01994e+03
 Position Rest.      Potential    Kinetic En.   Total Energy  Conserved En.
    1.53898e+03   -9.19545e+05    1.59338e+05   -7.60207e+05   -7.58671e+05
    Temperature Pres. DC (bar) Pressure (bar)   Constr. rmsd
    2.99896e+02   -1.41162e+02    1.78186e+00    0.00000e+00

          Box-X          Box-Y          Box-Z
    8.49163e+00    8.49163e+00    8.49163e+00

   Total Virial (kJ/mol)
    5.29870e+04    1.88601e+02    4.28383e+02
    1.87715e+02    5.32253e+04   -2.79286e+01
    4.29204e+02   -2.69924e+01    5.30334e+04

   Pressure (bar)
    6.64062e+00   -1.00445e+01   -1.99704e+01
   -9.99651e+00   -4.01977e+00    1.72236e+00
   -2.00149e+01    1.67154e+00    2.72474e+00

      T-Protein  T-non-Protein
    2.99880e+02    2.99898e+02


	M E G A - F L O P S   A C C O U N T I N G

 NB=Group-cutoff nonbonded kernels    NxN=N-by-N cluster Verlet kernels
 RF=Reaction-Field  VdW=Van der Waals  QSTab=quadratic-spline table
 W3=SPC/TIP3p  W4=TIP4p (single or pairs)
 V&F=Potential and force  V=Potential only  F=Force only

 Computing:                               M-Number         M-Flops  % Flops
-----------------------------------------------------------------------------
 Pair Search distance check            4007.498528       36067.487     0.0
 NxN Ewald Elec. + LJ [F]           4158224.642880   274442826.430    98.1
 NxN Ewald Elec. + LJ [V&F]           42085.209152     4503117.379     1.6
 1,4 nonbonded interactions             862.317246       77608.552     0.0
 Shift-X                                 31.170717         187.024     0.0
 Bonds                                  172.203444       10160.003     0.0
 Angles                                 596.411928      100197.204     0.0
 Propers                                931.368627      213283.416     0.1
 Impropers                               70.351407       14633.093     0.0
 Pos. Restr.                            167.903358        8395.168     0.0
 Virial                                 155.717262        2802.911     0.0
 Stop-CM                                 31.170717         311.707     0.0
 Calc-Ekin                              311.209434        8402.655     0.0
 Lincs                                  159.553191        9573.191     0.0
 Lincs-Mat                              782.415648        3129.663     0.0
 Constraint-V                          3101.812035       24814.496     0.0
 Constraint-Vir                         147.168844        3532.052     0.0
 Settle                                 927.568551      299604.642     0.1
-----------------------------------------------------------------------------
 Total                                               279758647.073   100.0
-----------------------------------------------------------------------------


     R E A L   C Y C L E   A N D   T I M E   A C C O U N T I N G

On 1 MPI rank, each using 2 OpenMP threads

 Computing:          Num   Num      Call    Wall time         Giga-Cycles
                     Ranks Threads  Count      (s)         total sum    %
-----------------------------------------------------------------------------
 Neighbor search        1    2        501      16.645         73.231   9.3
 Launch GPU ops.        1    2      50001       7.146         31.439   4.0
 Force                  1    2      50001      67.445        296.737  37.5
 Wait PME GPU gather    1    2      50001       0.489          2.152   0.3
 Reduce GPU PME F       1    2      50001       6.558         28.852   3.6
 Wait GPU NB local                              0.163          0.716   0.1
 NB X/F buffer ops.     1    2      99501      26.172        115.147  14.5
 Write traj.            1    2        101       0.859          3.778   0.5
 Update                 1    2      50001      13.930         61.289   7.7
 Constraints            1    2      50001      32.185        141.602  17.9
 Rest                                           8.311         36.565   4.6
-----------------------------------------------------------------------------
 Total                                        179.902        791.509 100.0
-----------------------------------------------------------------------------

               Core t (s)   Wall t (s)        (%)
       Time:      359.799      179.902      200.0
                 (ns/day)    (hour/ns)
Performance:       48.027        0.500
Finished mdrun on rank 0 Mon Jul  3 01:14:13 2023

