                      :-) GROMACS - gmx mdrun, 2020.6 (-:

                            GROMACS is written by:
     Emile Apol      Rossen Apostolov      Paul Bauer     Herman J.C. Berendsen
    Par Bjelkmar      Christian Blau   Viacheslav Bolnykh     Kevin Boyd    
 Aldert van Buuren   Rudi van Drunen     Anton Feenstra       Alan Gray     
  Gerrit Groenhof     Anca Hamuraru    Vincent Hindriksen  M. Eric Irrgang  
  Aleksei Iupinov   Christoph Junghans     Joe Jordan     Dimitrios Karkoulis
    Peter Kasson        Jiri Kraus      Carsten Kutzner      Per Larsson    
  Justin A. Lemkul    Viveca Lindahl    Magnus Lundborg     Erik Marklund   
    Pascal Merz     Pieter Meulenhoff    Teemu Murtola       Szilard Pall   
    Sander Pronk      Roland Schulz      Michael Shirts    Alexey Shvetsov  
   Alfons Sijbers     Peter Tieleman      Jon Vincent      Teemu Virolainen 
 Christian Wennberg    Maarten Wolf      Artem Zhmurov   
                           and the project leaders:
        Mark Abraham, Berk Hess, Erik Lindahl, and David van der Spoel

Copyright (c) 1991-2000, University of Groningen, The Netherlands.
Copyright (c) 2001-2019, The GROMACS development team at
Uppsala University, Stockholm University and
the Royal Institute of Technology, Sweden.
check out http://www.gromacs.org for more information.

GROMACS is free software; you can redistribute it and/or modify it
under the terms of the GNU Lesser General Public License
as published by the Free Software Foundation; either version 2.1
of the License, or (at your option) any later version.

GROMACS:      gmx mdrun, version 2020.6
Executable:   /content/gromacs/bin/gmx
Data prefix:  /content/gromacs
Working dir:  /content/gdrive/MyDrive/works/230702-LtaS/4uor
Process ID:   19567
Command line:
  gmx mdrun -deffnm md_1 -nb gpu

GROMACS version:    2020.6
Verified release checksum is 2f568d8884e039acbc6b68722432516e0628be00c847969b7c905c8b53ef826f
Precision:          single
Memory model:       64 bit
MPI library:        thread_mpi
OpenMP support:     enabled (GMX_OPENMP_MAX_THREADS = 64)
GPU support:        CUDA
SIMD instructions:  AVX2_256
FFT library:        fftw-3.3.8-sse2-avx-avx2-avx2_128
RDTSCP usage:       enabled
TNG support:        enabled
Hwloc support:      hwloc-1.11.6
Tracing support:    disabled
C compiler:         /usr/bin/cc GNU 7.5.0
C compiler flags:   -mavx2 -mfma -fexcess-precision=fast -funroll-all-loops -O3 -DNDEBUG
C++ compiler:       /usr/bin/c++ GNU 7.5.0
C++ compiler flags: -mavx2 -mfma -fexcess-precision=fast -funroll-all-loops -fopenmp -O3 -DNDEBUG
CUDA compiler:      /usr/local/cuda/bin/nvcc nvcc: NVIDIA (R) Cuda compiler driver;Copyright (c) 2005-2020 NVIDIA Corporation;Built on Mon_Oct_12_20:09:46_PDT_2020;Cuda compilation tools, release 11.1, V11.1.105;Build cuda_11.1.TC455_06.29190527_0
CUDA compiler flags:-gencode;arch=compute_35,code=sm_35;-gencode;arch=compute_37,code=sm_37;-gencode;arch=compute_50,code=sm_50;-gencode;arch=compute_52,code=sm_52;-gencode;arch=compute_60,code=sm_60;-gencode;arch=compute_61,code=sm_61;-gencode;arch=compute_70,code=sm_70;-Wno-deprecated-gpu-targets;-gencode;arch=compute_35,code=compute_35;-gencode;arch=compute_50,code=compute_50;-gencode;arch=compute_52,code=compute_52;-gencode;arch=compute_60,code=compute_60;-gencode;arch=compute_61,code=compute_61;-gencode;arch=compute_70,code=compute_70;-gencode;arch=compute_75,code=compute_75;-gencode;arch=compute_80,code=compute_80;-use_fast_math;-D_FORCE_INLINES;-mavx2 -mfma -fexcess-precision=fast -funroll-all-loops -fopenmp -O3 -DNDEBUG
CUDA driver:        12.0
CUDA runtime:       11.10


Running on 1 node with total 1 cores, 2 logical cores, 1 compatible GPU
Hardware detected:
  CPU info:
    Vendor: Intel
    Brand:  Intel(R) Xeon(R) CPU @ 2.20GHz
    Family: 6   Model: 79   Stepping: 0
    Features: aes apic avx avx2 clfsh cmov cx8 cx16 f16c fma hle htt intel lahf mmx msr nonstop_tsc pcid pclmuldq pdpe1gb popcnt pse rdrnd rdtscp rtm sse2 sse3 sse4.1 sse4.2 ssse3 x2apic
  Hardware topology: Full, with devices
    Sockets, cores, and logical processors:
      Socket  0: [   0   1]
    Numa nodes:
      Node  0 (13613326336 bytes mem):   0   1
      Latency:
               0
         0  1.00
    Caches:
      L1: 32768 bytes, linesize 64 bytes, assoc. 8, shared 2 ways
      L2: 262144 bytes, linesize 64 bytes, assoc. 8, shared 2 ways
      L3: 57671680 bytes, linesize 64 bytes, assoc. 20, shared 2 ways
    PCI devices:
      0000:00:04.0  Id: 10de:1eb8  Class: 0x0302  Numa: 0
      0000:00:05.0  Id: 1af4:1000  Class: 0x0200  Numa: 0
  GPU info:
    Number of GPUs detected: 1
    #0: NVIDIA Tesla T4, compute cap.: 7.5, ECC: yes, stat: compatible


++++ PLEASE READ AND CITE THE FOLLOWING REFERENCE ++++
M. J. Abraham, T. Murtola, R. Schulz, S. Páll, J. C. Smith, B. Hess, E.
Lindahl
GROMACS: High performance molecular simulations through multi-level
parallelism from laptops to supercomputers
SoftwareX 1 (2015) pp. 19-25
-------- -------- --- Thank You --- -------- --------


++++ PLEASE READ AND CITE THE FOLLOWING REFERENCE ++++
S. Páll, M. J. Abraham, C. Kutzner, B. Hess, E. Lindahl
Tackling Exascale Software Challenges in Molecular Dynamics Simulations with
GROMACS
In S. Markidis & E. Laure (Eds.), Solving Software Challenges for Exascale 8759 (2015) pp. 3-27
-------- -------- --- Thank You --- -------- --------


++++ PLEASE READ AND CITE THE FOLLOWING REFERENCE ++++
S. Pronk, S. Páll, R. Schulz, P. Larsson, P. Bjelkmar, R. Apostolov, M. R.
Shirts, J. C. Smith, P. M. Kasson, D. van der Spoel, B. Hess, and E. Lindahl
GROMACS 4.5: a high-throughput and highly parallel open source molecular
simulation toolkit
Bioinformatics 29 (2013) pp. 845-54
-------- -------- --- Thank You --- -------- --------


++++ PLEASE READ AND CITE THE FOLLOWING REFERENCE ++++
B. Hess and C. Kutzner and D. van der Spoel and E. Lindahl
GROMACS 4: Algorithms for highly efficient, load-balanced, and scalable
molecular simulation
J. Chem. Theory Comput. 4 (2008) pp. 435-447
-------- -------- --- Thank You --- -------- --------


++++ PLEASE READ AND CITE THE FOLLOWING REFERENCE ++++
D. van der Spoel, E. Lindahl, B. Hess, G. Groenhof, A. E. Mark and H. J. C.
Berendsen
GROMACS: Fast, Flexible and Free
J. Comp. Chem. 26 (2005) pp. 1701-1719
-------- -------- --- Thank You --- -------- --------


++++ PLEASE READ AND CITE THE FOLLOWING REFERENCE ++++
E. Lindahl and B. Hess and D. van der Spoel
GROMACS 3.0: A package for molecular simulation and trajectory analysis
J. Mol. Mod. 7 (2001) pp. 306-317
-------- -------- --- Thank You --- -------- --------


++++ PLEASE READ AND CITE THE FOLLOWING REFERENCE ++++
H. J. C. Berendsen, D. van der Spoel and R. van Drunen
GROMACS: A message-passing parallel molecular dynamics implementation
Comp. Phys. Comm. 91 (1995) pp. 43-56
-------- -------- --- Thank You --- -------- --------


++++ PLEASE CITE THE DOI FOR THIS VERSION OF GROMACS ++++
https://doi.org/10.5281/zenodo.4576055
-------- -------- --- Thank You --- -------- --------

Input Parameters:
   integrator                     = md
   tinit                          = 0
   dt                             = 0.002
   nsteps                         = 50000
   init-step                      = 0
   simulation-part                = 1
   comm-mode                      = Linear
   nstcomm                        = 100
   bd-fric                        = 0
   ld-seed                        = -75137
   emtol                          = 10
   emstep                         = 0.01
   niter                          = 20
   fcstep                         = 0
   nstcgsteep                     = 1000
   nbfgscorr                      = 10
   rtpi                           = 0.05
   nstxout                        = 0
   nstvout                        = 0
   nstfout                        = 0
   nstlog                         = 1000
   nstcalcenergy                  = 100
   nstenergy                      = 1000
   nstxout-compressed             = 1000
   compressed-x-precision         = 1000
   cutoff-scheme                  = Verlet
   nstlist                        = 20
   pbc                            = xyz
   periodic-molecules             = false
   verlet-buffer-tolerance        = 0.005
   rlist                          = 1.222
   coulombtype                    = PME
   coulomb-modifier               = Potential-shift
   rcoulomb-switch                = 0
   rcoulomb                       = 1.2
   epsilon-r                      = 1
   epsilon-rf                     = inf
   vdw-type                       = Cut-off
   vdw-modifier                   = Potential-shift
   rvdw-switch                    = 0
   rvdw                           = 1.2
   DispCorr                       = EnerPres
   table-extension                = 1
   fourierspacing                 = 0.16
   fourier-nx                     = 56
   fourier-ny                     = 56
   fourier-nz                     = 56
   pme-order                      = 4
   ewald-rtol                     = 1e-05
   ewald-rtol-lj                  = 0.001
   lj-pme-comb-rule               = Geometric
   ewald-geometry                 = 0
   epsilon-surface                = 0
   tcoupl                         = V-rescale
   nsttcouple                     = 20
   nh-chain-length                = 0
   print-nose-hoover-chain-variables = false
   pcoupl                         = Parrinello-Rahman
   pcoupltype                     = Isotropic
   nstpcouple                     = 20
   tau-p                          = 2
   compressibility (3x3):
      compressibility[    0]={ 4.50000e-05,  0.00000e+00,  0.00000e+00}
      compressibility[    1]={ 0.00000e+00,  4.50000e-05,  0.00000e+00}
      compressibility[    2]={ 0.00000e+00,  0.00000e+00,  4.50000e-05}
   ref-p (3x3):
      ref-p[    0]={ 1.00000e+00,  0.00000e+00,  0.00000e+00}
      ref-p[    1]={ 0.00000e+00,  1.00000e+00,  0.00000e+00}
      ref-p[    2]={ 0.00000e+00,  0.00000e+00,  1.00000e+00}
   refcoord-scaling               = No
   posres-com (3):
      posres-com[0]= 0.00000e+00
      posres-com[1]= 0.00000e+00
      posres-com[2]= 0.00000e+00
   posres-comB (3):
      posres-comB[0]= 0.00000e+00
      posres-comB[1]= 0.00000e+00
      posres-comB[2]= 0.00000e+00
   QMMM                           = false
   QMconstraints                  = 0
   QMMMscheme                     = 0
   MMChargeScaleFactor            = 1
qm-opts:
   ngQM                           = 0
   constraint-algorithm           = Lincs
   continuation                   = true
   Shake-SOR                      = false
   shake-tol                      = 0.0001
   lincs-order                    = 4
   lincs-iter                     = 1
   lincs-warnangle                = 30
   nwall                          = 0
   wall-type                      = 9-3
   wall-r-linpot                  = -1
   wall-atomtype[0]               = -1
   wall-atomtype[1]               = -1
   wall-density[0]                = 0
   wall-density[1]                = 0
   wall-ewald-zfac                = 3
   pull                           = false
   awh                            = false
   rotation                       = false
   interactiveMD                  = false
   disre                          = No
   disre-weighting                = Conservative
   disre-mixed                    = false
   dr-fc                          = 1000
   dr-tau                         = 0
   nstdisreout                    = 100
   orire-fc                       = 0
   orire-tau                      = 0
   nstorireout                    = 100
   free-energy                    = no
   cos-acceleration               = 0
   deform (3x3):
      deform[    0]={ 0.00000e+00,  0.00000e+00,  0.00000e+00}
      deform[    1]={ 0.00000e+00,  0.00000e+00,  0.00000e+00}
      deform[    2]={ 0.00000e+00,  0.00000e+00,  0.00000e+00}
   simulated-tempering            = false
   swapcoords                     = no
   userint1                       = 0
   userint2                       = 0
   userint3                       = 0
   userint4                       = 0
   userreal1                      = 0
   userreal2                      = 0
   userreal3                      = 0
   userreal4                      = 0
   applied-forces:
     electric-field:
       x:
         E0                       = 0
         omega                    = 0
         t0                       = 0
         sigma                    = 0
       y:
         E0                       = 0
         omega                    = 0
         t0                       = 0
         sigma                    = 0
       z:
         E0                       = 0
         omega                    = 0
         t0                       = 0
         sigma                    = 0
     density-guided-simulation:
       active                     = false
       group                      = protein
       similarity-measure         = inner-product
       atom-spreading-weight      = unity
       force-constant             = 1e+09
       gaussian-transform-spreading-width = 0.2
       gaussian-transform-spreading-range-in-multiples-of-width = 4
       reference-density-filename = reference.mrc
       nst                        = 1
       normalize-densities        = true
       adaptive-force-scaling     = false
       adaptive-force-scaling-time-constant = 4
grpopts:
   nrdf:     16455.6      111348
   ref-t:         300         300
   tau-t:         0.1         0.1
annealing:          No          No
annealing-npoints:           0           0
   acc:	           0           0           0
   nfreeze:           N           N           N
   energygrp-flags[  0]: 0

Changing nstlist from 20 to 100, rlist from 1.222 to 1.348

1 GPU selected for this run.
Mapping of GPU IDs to the 2 GPU tasks in the 1 rank on this node:
  PP:0,PME:0
PP tasks will do (non-perturbed) short-ranged interactions on the GPU
PP task will update and constrain coordinates on the CPU
PME tasks will do all aspects on the GPU
Using 1 MPI thread

Non-default thread affinity set, disabling internal thread affinity

Using 2 OpenMP threads 

System total charge: 0.000
Will do PME sum in reciprocal space for electrostatic interactions.

++++ PLEASE READ AND CITE THE FOLLOWING REFERENCE ++++
U. Essmann, L. Perera, M. L. Berkowitz, T. Darden, H. Lee and L. G. Pedersen 
A smooth particle mesh Ewald method
J. Chem. Phys. 103 (1995) pp. 8577-8592
-------- -------- --- Thank You --- -------- --------

Using a Gaussian width (1/beta) of 0.384195 nm for Ewald
Potential shift: LJ r^-12: -1.122e-01 r^-6: -3.349e-01, Ewald -8.333e-06
Initialized non-bonded Ewald tables, spacing: 1.02e-03 size: 1176

Generated table with 1174 data points for 1-4 COUL.
Tabscale = 500 points/nm
Generated table with 1174 data points for 1-4 LJ6.
Tabscale = 500 points/nm
Generated table with 1174 data points for 1-4 LJ12.
Tabscale = 500 points/nm

Using GPU 8x8 nonbonded short-range kernels

Using a dual 8x8 pair-list setup updated with dynamic, rolling pruning:
  outer list: updated every 100 steps, buffer 0.148 nm, rlist 1.348 nm
  inner list: updated every  12 steps, buffer 0.003 nm, rlist 1.203 nm
At tolerance 0.005 kJ/mol/ps per atom, equivalent classical 1x1 list would be:
  outer list: updated every 100 steps, buffer 0.304 nm, rlist 1.504 nm
  inner list: updated every  12 steps, buffer 0.053 nm, rlist 1.253 nm

Using Lorentz-Berthelot Lennard-Jones combination rule

Long Range LJ corr.: <C6> 3.3966e-04


Initializing LINear Constraint Solver

++++ PLEASE READ AND CITE THE FOLLOWING REFERENCE ++++
B. Hess and H. Bekker and H. J. C. Berendsen and J. G. E. M. Fraaije
LINCS: A Linear Constraint Solver for molecular simulations
J. Comp. Chem. 18 (1997) pp. 1463-1472
-------- -------- --- Thank You --- -------- --------

The number of constraints is 3191

++++ PLEASE READ AND CITE THE FOLLOWING REFERENCE ++++
S. Miyamoto and P. A. Kollman
SETTLE: An Analytical Version of the SHAKE and RATTLE Algorithms for Rigid
Water Models
J. Comp. Chem. 13 (1992) pp. 952-962
-------- -------- --- Thank You --- -------- --------


++++ PLEASE READ AND CITE THE FOLLOWING REFERENCE ++++
G. Bussi, D. Donadio and M. Parrinello
Canonical sampling through velocity rescaling
J. Chem. Phys. 126 (2007) pp. 014101
-------- -------- --- Thank You --- -------- --------

There are: 62217 Atoms
Center of mass motion removal mode is Linear
We have the following groups for center of mass motion removal:
  0:  rest

Started mdrun on rank 0 Mon Jul  3 01:17:59 2023

           Step           Time
              0        0.00000

   Energies (kJ/mol)
           Bond          Angle    Proper Dih.  Improper Dih.          LJ-14
    5.01871e+03    1.32248e+04    1.70229e+04    8.32768e+02    6.68748e+03
     Coulomb-14        LJ (SR)  Disper. corr.   Coulomb (SR)   Coul. recip.
    8.68184e+04    1.52618e+05   -5.19724e+03   -1.20043e+06    3.04045e+03
      Potential    Kinetic En.   Total Energy  Conserved En.    Temperature
   -9.20360e+05    1.59629e+05   -7.60731e+05   -7.60694e+05    3.00444e+02
 Pres. DC (bar) Pressure (bar)   Constr. rmsd
   -1.40921e+02    2.75995e+02    2.83813e-06

           Step           Time
           1000        2.00000

   Energies (kJ/mol)
           Bond          Angle    Proper Dih.  Improper Dih.          LJ-14
    5.19414e+03    1.33663e+04    1.71630e+04    8.02664e+02    6.57743e+03
     Coulomb-14        LJ (SR)  Disper. corr.   Coulomb (SR)   Coul. recip.
    8.63313e+04    1.51959e+05   -5.19085e+03   -1.19965e+06    3.03914e+03
      Potential    Kinetic En.   Total Energy  Conserved En.    Temperature
   -9.20412e+05    1.59571e+05   -7.60841e+05   -7.60739e+05    3.00335e+02
 Pres. DC (bar) Pressure (bar)   Constr. rmsd
   -1.40575e+02   -2.31818e+01    3.09687e-06

step 1800: timed with pme grid 56 56 56, coulomb cutoff 1.200: 1253.5 M-cycles
step 2000: timed with pme grid 48 48 48, coulomb cutoff 1.327: 1178.2 M-cycles
           Step           Time
           2000        4.00000

   Energies (kJ/mol)
           Bond          Angle    Proper Dih.  Improper Dih.          LJ-14
    4.82765e+03    1.33634e+04    1.70444e+04    7.54189e+02    6.62852e+03
     Coulomb-14        LJ (SR)  Disper. corr.   Coulomb (SR)   Coul. recip.
    8.63845e+04    1.50864e+05   -5.17855e+03   -1.19461e+06    1.67235e+03
      Potential    Kinetic En.   Total Energy  Conserved En.    Temperature
   -9.18252e+05    1.58839e+05   -7.59412e+05   -7.60739e+05    2.98957e+02
 Pres. DC (bar) Pressure (bar)   Constr. rmsd
   -1.39910e+02   -8.96911e+01    3.06874e-06

step 2200: timed with pme grid 44 44 44, coulomb cutoff 1.448: 686.3 M-cycles
step 2400: timed with pme grid 40 40 40, coulomb cutoff 1.593: 820.9 M-cycles
step 2600: timed with pme grid 42 42 42, coulomb cutoff 1.517: 790.1 M-cycles
step 2800: timed with pme grid 44 44 44, coulomb cutoff 1.448: 704.8 M-cycles
              optimal pme grid 44 44 44, coulomb cutoff 1.448
           Step           Time
           3000        6.00000

   Energies (kJ/mol)
           Bond          Angle    Proper Dih.  Improper Dih.          LJ-14
    5.10136e+03    1.32047e+04    1.71350e+04    8.63430e+02    6.63294e+03
     Coulomb-14        LJ (SR)  Disper. corr.   Coulomb (SR)   Coul. recip.
    8.64384e+04    1.50417e+05   -5.18407e+03   -1.19675e+06    1.73351e+03
      Potential    Kinetic En.   Total Energy  Conserved En.    Temperature
   -9.20405e+05    1.58737e+05   -7.61668e+05   -7.60736e+05    2.98765e+02
 Pres. DC (bar) Pressure (bar)   Constr. rmsd
   -1.40208e+02   -8.54121e+01    3.00003e-06

           Step           Time
           4000        8.00000

   Energies (kJ/mol)
           Bond          Angle    Proper Dih.  Improper Dih.          LJ-14
    5.20650e+03    1.32502e+04    1.70073e+04    8.54021e+02    6.56801e+03
     Coulomb-14        LJ (SR)  Disper. corr.   Coulomb (SR)   Coul. recip.
    8.60511e+04    1.53156e+05   -5.19890e+03   -1.19959e+06    1.65831e+03
      Potential    Kinetic En.   Total Energy  Conserved En.    Temperature
   -9.21036e+05    1.59263e+05   -7.61772e+05   -7.60734e+05    2.99756e+02
 Pres. DC (bar) Pressure (bar)   Constr. rmsd
   -1.41011e+02   -8.42558e+00    2.94962e-06

           Step           Time
           5000       10.00000

   Energies (kJ/mol)
           Bond          Angle    Proper Dih.  Improper Dih.          LJ-14
    5.11699e+03    1.31505e+04    1.70646e+04    8.15640e+02    6.52467e+03
     Coulomb-14        LJ (SR)  Disper. corr.   Coulomb (SR)   Coul. recip.
    8.66124e+04    1.51675e+05   -5.18579e+03   -1.19848e+06    1.67827e+03
      Potential    Kinetic En.   Total Energy  Conserved En.    Temperature
   -9.21025e+05    1.60159e+05   -7.60867e+05   -7.60716e+05    3.01441e+02
 Pres. DC (bar) Pressure (bar)   Constr. rmsd
   -1.40301e+02   -1.31519e+02    3.07556e-06

           Step           Time
           6000       12.00000

   Energies (kJ/mol)
           Bond          Angle    Proper Dih.  Improper Dih.          LJ-14
    5.18978e+03    1.32042e+04    1.70344e+04    7.93131e+02    6.68321e+03
     Coulomb-14        LJ (SR)  Disper. corr.   Coulomb (SR)   Coul. recip.
    8.63231e+04    1.52165e+05   -5.20774e+03   -1.19909e+06    1.62389e+03
      Potential    Kinetic En.   Total Energy  Conserved En.    Temperature
   -9.21285e+05    1.58612e+05   -7.62673e+05   -7.60664e+05    2.98529e+02
 Pres. DC (bar) Pressure (bar)   Constr. rmsd
   -1.41490e+02    9.53676e+01    3.06526e-06

           Step           Time
           7000       14.00000

   Energies (kJ/mol)
           Bond          Angle    Proper Dih.  Improper Dih.          LJ-14
    5.03697e+03    1.32955e+04    1.69913e+04    8.02386e+02    6.52044e+03
     Coulomb-14        LJ (SR)  Disper. corr.   Coulomb (SR)   Coul. recip.
    8.61905e+04    1.52346e+05   -5.19099e+03   -1.19932e+06    1.69547e+03
      Potential    Kinetic En.   Total Energy  Conserved En.    Temperature
   -9.21633e+05    1.59652e+05   -7.61982e+05   -7.60679e+05    3.00486e+02
 Pres. DC (bar) Pressure (bar)   Constr. rmsd
   -1.40582e+02   -1.22392e+01    2.94171e-06

           Step           Time
           8000       16.00000

   Energies (kJ/mol)
           Bond          Angle    Proper Dih.  Improper Dih.          LJ-14
    5.29477e+03    1.35633e+04    1.70552e+04    7.85393e+02    6.60210e+03
     Coulomb-14        LJ (SR)  Disper. corr.   Coulomb (SR)   Coul. recip.
    8.64246e+04    1.52769e+05   -5.17144e+03   -1.19794e+06    1.66002e+03
      Potential    Kinetic En.   Total Energy  Conserved En.    Temperature
   -9.18956e+05    1.59401e+05   -7.59554e+05   -7.60639e+05    3.00015e+02
 Pres. DC (bar) Pressure (bar)   Constr. rmsd
   -1.39526e+02    8.50890e+01    2.98938e-06

           Step           Time
           9000       18.00000

   Energies (kJ/mol)
           Bond          Angle    Proper Dih.  Improper Dih.          LJ-14
    4.98153e+03    1.35690e+04    1.70570e+04    8.43968e+02    6.58873e+03
     Coulomb-14        LJ (SR)  Disper. corr.   Coulomb (SR)   Coul. recip.
    8.60863e+04    1.52120e+05   -5.19788e+03   -1.19714e+06    1.64422e+03
      Potential    Kinetic En.   Total Energy  Conserved En.    Temperature
   -9.19448e+05    1.59051e+05   -7.60397e+05   -7.60676e+05    2.99356e+02
 Pres. DC (bar) Pressure (bar)   Constr. rmsd
   -1.40956e+02    1.95011e+02    3.34100e-06

           Step           Time
          10000       20.00000

   Energies (kJ/mol)
           Bond          Angle    Proper Dih.  Improper Dih.          LJ-14
    5.27671e+03    1.31287e+04    1.69851e+04    8.13287e+02    6.58061e+03
     Coulomb-14        LJ (SR)  Disper. corr.   Coulomb (SR)   Coul. recip.
    8.61288e+04    1.51836e+05   -5.19314e+03   -1.19739e+06    1.59801e+03
      Potential    Kinetic En.   Total Energy  Conserved En.    Temperature
   -9.20240e+05    1.60383e+05   -7.59857e+05   -7.60705e+05    3.01863e+02
 Pres. DC (bar) Pressure (bar)   Constr. rmsd
   -1.40699e+02    8.06325e+01    3.11193e-06

           Step           Time
          11000       22.00000

   Energies (kJ/mol)
           Bond          Angle    Proper Dih.  Improper Dih.          LJ-14
    5.11058e+03    1.33789e+04    1.70262e+04    8.69607e+02    6.63869e+03
     Coulomb-14        LJ (SR)  Disper. corr.   Coulomb (SR)   Coul. recip.
    8.63775e+04    1.51132e+05   -5.20509e+03   -1.19807e+06    1.63755e+03
      Potential    Kinetic En.   Total Energy  Conserved En.    Temperature
   -9.21108e+05    1.58881e+05   -7.62227e+05   -7.60635e+05    2.99036e+02
 Pres. DC (bar) Pressure (bar)   Constr. rmsd
   -1.41347e+02    1.42337e+02    2.92796e-06

           Step           Time
          12000       24.00000

   Energies (kJ/mol)
           Bond          Angle    Proper Dih.  Improper Dih.          LJ-14
    4.92830e+03    1.33721e+04    1.69870e+04    8.75080e+02    6.54643e+03
     Coulomb-14        LJ (SR)  Disper. corr.   Coulomb (SR)   Coul. recip.
    8.64616e+04    1.52012e+05   -5.18693e+03   -1.19968e+06    1.67885e+03
      Potential    Kinetic En.   Total Energy  Conserved En.    Temperature
   -9.22005e+05    1.58746e+05   -7.63259e+05   -7.60638e+05    2.98781e+02
 Pres. DC (bar) Pressure (bar)   Constr. rmsd
   -1.40363e+02   -2.14237e+02    2.89642e-06

           Step           Time
          13000       26.00000

   Energies (kJ/mol)
           Bond          Angle    Proper Dih.  Improper Dih.          LJ-14
    5.23326e+03    1.32352e+04    1.70862e+04    8.52562e+02    6.64751e+03
     Coulomb-14        LJ (SR)  Disper. corr.   Coulomb (SR)   Coul. recip.
    8.63589e+04    1.49895e+05   -5.18713e+03   -1.19616e+06    1.66242e+03
      Potential    Kinetic En.   Total Energy  Conserved En.    Temperature
   -9.20380e+05    1.60210e+05   -7.60170e+05   -7.60629e+05    3.01538e+02
 Pres. DC (bar) Pressure (bar)   Constr. rmsd
   -1.40374e+02   -2.00546e+02    3.01584e-06

           Step           Time
          14000       28.00000

   Energies (kJ/mol)
           Bond          Angle    Proper Dih.  Improper Dih.          LJ-14
    4.93967e+03    1.32057e+04    1.70978e+04    8.11056e+02    6.68469e+03
     Coulomb-14        LJ (SR)  Disper. corr.   Coulomb (SR)   Coul. recip.
    8.63707e+04    1.51010e+05   -5.19999e+03   -1.19875e+06    1.62562e+03
      Potential    Kinetic En.   Total Energy  Conserved En.    Temperature
   -9.22210e+05    1.58097e+05   -7.64112e+05   -7.60622e+05    2.97560e+02
 Pres. DC (bar) Pressure (bar)   Constr. rmsd
   -1.41070e+02   -7.23821e+01    2.96058e-06

           Step           Time
          15000       30.00000

   Energies (kJ/mol)
           Bond          Angle    Proper Dih.  Improper Dih.          LJ-14
    4.88350e+03    1.35764e+04    1.70490e+04    8.19603e+02    6.70335e+03
     Coulomb-14        LJ (SR)  Disper. corr.   Coulomb (SR)   Coul. recip.
    8.63357e+04    1.49741e+05   -5.18139e+03   -1.19553e+06    1.71119e+03
      Potential    Kinetic En.   Total Energy  Conserved En.    Temperature
   -9.19892e+05    1.58891e+05   -7.61002e+05   -7.60624e+05    2.99054e+02
 Pres. DC (bar) Pressure (bar)   Constr. rmsd
   -1.40063e+02   -1.34661e+02    2.96100e-06

           Step           Time
          16000       32.00000

   Energies (kJ/mol)
           Bond          Angle    Proper Dih.  Improper Dih.          LJ-14
    5.27619e+03    1.33285e+04    1.72475e+04    8.54076e+02    6.49218e+03
     Coulomb-14        LJ (SR)  Disper. corr.   Coulomb (SR)   Coul. recip.
    8.60378e+04    1.51553e+05   -5.18367e+03   -1.19704e+06    1.62897e+03
      Potential    Kinetic En.   Total Energy  Conserved En.    Temperature
   -9.19803e+05    1.60676e+05   -7.59127e+05   -7.60650e+05    3.02414e+02
 Pres. DC (bar) Pressure (bar)   Constr. rmsd
   -1.40187e+02   -5.56344e+01    3.25394e-06

           Step           Time
          17000       34.00000

   Energies (kJ/mol)
           Bond          Angle    Proper Dih.  Improper Dih.          LJ-14
    5.02950e+03    1.33651e+04    1.70263e+04    8.65172e+02    6.62547e+03
     Coulomb-14        LJ (SR)  Disper. corr.   Coulomb (SR)   Coul. recip.
    8.63377e+04    1.51493e+05   -5.19135e+03   -1.19865e+06    1.70535e+03
      Potential    Kinetic En.   Total Energy  Conserved En.    Temperature
   -9.21396e+05    1.58534e+05   -7.62862e+05   -7.60603e+05    2.98383e+02
 Pres. DC (bar) Pressure (bar)   Constr. rmsd
   -1.40602e+02   -4.34077e+00    3.00034e-06

           Step           Time
          18000       36.00000

   Energies (kJ/mol)
           Bond          Angle    Proper Dih.  Improper Dih.          LJ-14
    5.15221e+03    1.30643e+04    1.71022e+04    8.07819e+02    6.56086e+03
     Coulomb-14        LJ (SR)  Disper. corr.   Coulomb (SR)   Coul. recip.
    8.62578e+04    1.51919e+05   -5.18912e+03   -1.19814e+06    1.65385e+03
      Potential    Kinetic En.   Total Energy  Conserved En.    Temperature
   -9.20810e+05    1.58707e+05   -7.62103e+05   -7.60594e+05    2.98709e+02
 Pres. DC (bar) Pressure (bar)   Constr. rmsd
   -1.40481e+02   -9.94375e+01    3.07077e-06

           Step           Time
          19000       38.00000

   Energies (kJ/mol)
           Bond          Angle    Proper Dih.  Improper Dih.          LJ-14
    5.09505e+03    1.31778e+04    1.69554e+04    8.93256e+02    6.61767e+03
     Coulomb-14        LJ (SR)  Disper. corr.   Coulomb (SR)   Coul. recip.
    8.60718e+04    1.50990e+05   -5.18061e+03   -1.19700e+06    1.63967e+03
      Potential    Kinetic En.   Total Energy  Conserved En.    Temperature
   -9.20737e+05    1.59906e+05   -7.60831e+05   -7.60645e+05    3.00964e+02
 Pres. DC (bar) Pressure (bar)   Constr. rmsd
   -1.40021e+02   -1.38081e+02    2.96572e-06

           Step           Time
          20000       40.00000

   Energies (kJ/mol)
           Bond          Angle    Proper Dih.  Improper Dih.          LJ-14
    5.23546e+03    1.32241e+04    1.70506e+04    7.08896e+02    6.58631e+03
     Coulomb-14        LJ (SR)  Disper. corr.   Coulomb (SR)   Coul. recip.
    8.62289e+04    1.51983e+05   -5.18376e+03   -1.19859e+06    1.67206e+03
      Potential    Kinetic En.   Total Energy  Conserved En.    Temperature
   -9.21087e+05    1.59959e+05   -7.61128e+05   -7.60598e+05    3.01064e+02
 Pres. DC (bar) Pressure (bar)   Constr. rmsd
   -1.40191e+02   -5.45883e+01    2.88939e-06

           Step           Time
          21000       42.00000

   Energies (kJ/mol)
           Bond          Angle    Proper Dih.  Improper Dih.          LJ-14
    5.15768e+03    1.35328e+04    1.71708e+04    8.41523e+02    6.66519e+03
     Coulomb-14        LJ (SR)  Disper. corr.   Coulomb (SR)   Coul. recip.
    8.62518e+04    1.53061e+05   -5.19600e+03   -1.19896e+06    1.68423e+03
      Potential    Kinetic En.   Total Energy  Conserved En.    Temperature
   -9.19792e+05    1.59548e+05   -7.60244e+05   -7.60549e+05    3.00292e+02
 Pres. DC (bar) Pressure (bar)   Constr. rmsd
   -1.40854e+02    1.23042e+02    3.04977e-06

           Step           Time
          22000       44.00000

   Energies (kJ/mol)
           Bond          Angle    Proper Dih.  Improper Dih.          LJ-14
    5.14789e+03    1.30827e+04    1.70461e+04    8.11453e+02    6.64004e+03
     Coulomb-14        LJ (SR)  Disper. corr.   Coulomb (SR)   Coul. recip.
    8.61865e+04    1.53567e+05   -5.19376e+03   -1.20103e+06    1.66703e+03
      Potential    Kinetic En.   Total Energy  Conserved En.    Temperature
   -9.22071e+05    1.59392e+05   -7.62679e+05   -7.60569e+05    2.99998e+02
 Pres. DC (bar) Pressure (bar)   Constr. rmsd
   -1.40733e+02    1.09940e+02    3.02300e-06

           Step           Time
          23000       46.00000

   Energies (kJ/mol)
           Bond          Angle    Proper Dih.  Improper Dih.          LJ-14
    4.97973e+03    1.34980e+04    1.69062e+04    8.24692e+02    6.73366e+03
     Coulomb-14        LJ (SR)  Disper. corr.   Coulomb (SR)   Coul. recip.
    8.63956e+04    1.50500e+05   -5.18895e+03   -1.19622e+06    1.68380e+03
      Potential    Kinetic En.   Total Energy  Conserved En.    Temperature
   -9.19890e+05    1.59166e+05   -7.60724e+05   -7.60553e+05    2.99573e+02
 Pres. DC (bar) Pressure (bar)   Constr. rmsd
   -1.40472e+02    3.28992e+01    3.15159e-06

           Step           Time
          24000       48.00000

   Energies (kJ/mol)
           Bond          Angle    Proper Dih.  Improper Dih.          LJ-14
    4.99833e+03    1.31491e+04    1.70298e+04    8.41039e+02    6.67447e+03
     Coulomb-14        LJ (SR)  Disper. corr.   Coulomb (SR)   Coul. recip.
    8.64075e+04    1.50185e+05   -5.18880e+03   -1.19474e+06    1.77406e+03
      Potential    Kinetic En.   Total Energy  Conserved En.    Temperature
   -9.18865e+05    1.59483e+05   -7.59382e+05   -7.60561e+05    3.00169e+02
 Pres. DC (bar) Pressure (bar)   Constr. rmsd
   -1.40464e+02   -7.33625e+01    3.13000e-06

           Step           Time
          25000       50.00000

   Energies (kJ/mol)
           Bond          Angle    Proper Dih.  Improper Dih.          LJ-14
    4.91267e+03    1.34510e+04    1.70934e+04    8.39051e+02    6.61891e+03
     Coulomb-14        LJ (SR)  Disper. corr.   Coulomb (SR)   Coul. recip.
    8.61631e+04    1.53237e+05   -5.19599e+03   -1.19943e+06    1.64569e+03
      Potential    Kinetic En.   Total Energy  Conserved En.    Temperature
   -9.20661e+05    1.60181e+05   -7.60480e+05   -7.60520e+05    3.01482e+02
 Pres. DC (bar) Pressure (bar)   Constr. rmsd
   -1.40853e+02    2.65935e+02    3.04376e-06

           Step           Time
          26000       52.00000

   Energies (kJ/mol)
           Bond          Angle    Proper Dih.  Improper Dih.          LJ-14
    4.95792e+03    1.29528e+04    1.70600e+04    7.75222e+02    6.52495e+03
     Coulomb-14        LJ (SR)  Disper. corr.   Coulomb (SR)   Coul. recip.
    8.64435e+04    1.52451e+05   -5.20158e+03   -1.19939e+06    1.61898e+03
      Potential    Kinetic En.   Total Energy  Conserved En.    Temperature
   -9.21805e+05    1.59027e+05   -7.62778e+05   -7.60556e+05    2.99311e+02
 Pres. DC (bar) Pressure (bar)   Constr. rmsd
   -1.41156e+02    6.19157e+01    3.10942e-06

           Step           Time
          27000       54.00000

   Energies (kJ/mol)
           Bond          Angle    Proper Dih.  Improper Dih.          LJ-14
    4.87875e+03    1.30095e+04    1.69319e+04    8.64633e+02    6.62261e+03
     Coulomb-14        LJ (SR)  Disper. corr.   Coulomb (SR)   Coul. recip.
    8.65759e+04    1.51319e+05   -5.18827e+03   -1.19663e+06    1.66830e+03
      Potential    Kinetic En.   Total Energy  Conserved En.    Temperature
   -9.19950e+05    1.58226e+05   -7.61724e+05   -7.60510e+05    2.97802e+02
 Pres. DC (bar) Pressure (bar)   Constr. rmsd
   -1.40435e+02   -2.07186e+01    3.19809e-06

           Step           Time
          28000       56.00000

   Energies (kJ/mol)
           Bond          Angle    Proper Dih.  Improper Dih.          LJ-14
    5.06109e+03    1.34195e+04    1.70855e+04    8.40355e+02    6.58526e+03
     Coulomb-14        LJ (SR)  Disper. corr.   Coulomb (SR)   Coul. recip.
    8.62203e+04    1.51535e+05   -5.19219e+03   -1.19591e+06    1.74860e+03
      Potential    Kinetic En.   Total Energy  Conserved En.    Temperature
   -9.18609e+05    1.59692e+05   -7.58917e+05   -7.60510e+05    3.00563e+02
 Pres. DC (bar) Pressure (bar)   Constr. rmsd
   -1.40647e+02    1.97767e+01    2.97738e-06

           Step           Time
          29000       58.00000

   Energies (kJ/mol)
           Bond          Angle    Proper Dih.  Improper Dih.          LJ-14
    5.07797e+03    1.32136e+04    1.71310e+04    7.81603e+02    6.59355e+03
     Coulomb-14        LJ (SR)  Disper. corr.   Coulomb (SR)   Coul. recip.
    8.61972e+04    1.52342e+05   -5.20045e+03   -1.19953e+06    1.68535e+03
      Potential    Kinetic En.   Total Energy  Conserved En.    Temperature
   -9.21709e+05    1.60701e+05   -7.61009e+05   -7.60537e+05    3.02461e+02
 Pres. DC (bar) Pressure (bar)   Constr. rmsd
   -1.41095e+02    1.12087e+02    3.23235e-06

           Step           Time
          30000       60.00000

   Energies (kJ/mol)
           Bond          Angle    Proper Dih.  Improper Dih.          LJ-14
    5.08603e+03    1.31701e+04    1.71074e+04    8.25454e+02    6.53801e+03
     Coulomb-14        LJ (SR)  Disper. corr.   Coulomb (SR)   Coul. recip.
    8.61433e+04    1.51665e+05   -5.19395e+03   -1.19802e+06    1.63387e+03
      Potential    Kinetic En.   Total Energy  Conserved En.    Temperature
   -9.21049e+05    1.59903e+05   -7.61146e+05   -7.60502e+05    3.00960e+02
 Pres. DC (bar) Pressure (bar)   Constr. rmsd
   -1.40743e+02   -4.32662e+01    3.03477e-06

           Step           Time
          31000       62.00000

   Energies (kJ/mol)
           Bond          Angle    Proper Dih.  Improper Dih.          LJ-14
    5.15984e+03    1.31195e+04    1.70750e+04    8.41965e+02    6.65287e+03
     Coulomb-14        LJ (SR)  Disper. corr.   Coulomb (SR)   Coul. recip.
    8.63107e+04    1.51656e+05   -5.19418e+03   -1.19826e+06    1.61066e+03
      Potential    Kinetic En.   Total Energy  Conserved En.    Temperature
   -9.21028e+05    1.60098e+05   -7.60930e+05   -7.60499e+05    3.01327e+02
 Pres. DC (bar) Pressure (bar)   Constr. rmsd
   -1.40755e+02    4.15790e+01    3.17504e-06

           Step           Time
          32000       64.00000

   Energies (kJ/mol)
           Bond          Angle    Proper Dih.  Improper Dih.          LJ-14
    5.08748e+03    1.32790e+04    1.70094e+04    8.28465e+02    6.65739e+03
     Coulomb-14        LJ (SR)  Disper. corr.   Coulomb (SR)   Coul. recip.
    8.65457e+04    1.52586e+05   -5.21914e+03   -1.19961e+06    1.58750e+03
      Potential    Kinetic En.   Total Energy  Conserved En.    Temperature
   -9.21250e+05    1.59159e+05   -7.62091e+05   -7.60495e+05    2.99559e+02
 Pres. DC (bar) Pressure (bar)   Constr. rmsd
   -1.42110e+02    1.07412e+02    3.10141e-06

           Step           Time
          33000       66.00000

   Energies (kJ/mol)
           Bond          Angle    Proper Dih.  Improper Dih.          LJ-14
    4.91389e+03    1.33630e+04    1.73360e+04    7.75495e+02    6.61054e+03
     Coulomb-14        LJ (SR)  Disper. corr.   Coulomb (SR)   Coul. recip.
    8.64934e+04    1.50500e+05   -5.19030e+03   -1.19555e+06    1.70398e+03
      Potential    Kinetic En.   Total Energy  Conserved En.    Temperature
   -9.19045e+05    1.59558e+05   -7.59487e+05   -7.60489e+05    3.00310e+02
 Pres. DC (bar) Pressure (bar)   Constr. rmsd
   -1.40545e+02    4.74572e+01    3.09766e-06

           Step           Time
          34000       68.00000

   Energies (kJ/mol)
           Bond          Angle    Proper Dih.  Improper Dih.          LJ-14
    5.10083e+03    1.29868e+04    1.70240e+04    7.51387e+02    6.62732e+03
     Coulomb-14        LJ (SR)  Disper. corr.   Coulomb (SR)   Coul. recip.
    8.62630e+04    1.51992e+05   -5.20381e+03   -1.19952e+06    1.65871e+03
      Potential    Kinetic En.   Total Energy  Conserved En.    Temperature
   -9.22323e+05    1.59396e+05   -7.62928e+05   -7.60481e+05    3.00004e+02
 Pres. DC (bar) Pressure (bar)   Constr. rmsd
   -1.41277e+02   -3.98941e+01    3.03721e-06

           Step           Time
          35000       70.00000

   Energies (kJ/mol)
           Bond          Angle    Proper Dih.  Improper Dih.          LJ-14
    5.10024e+03    1.37416e+04    1.69994e+04    8.56896e+02    6.72679e+03
     Coulomb-14        LJ (SR)  Disper. corr.   Coulomb (SR)   Coul. recip.
    8.62762e+04    1.50533e+05   -5.19937e+03   -1.19531e+06    1.71313e+03
      Potential    Kinetic En.   Total Energy  Conserved En.    Temperature
   -9.18564e+05    1.59662e+05   -7.58903e+05   -7.60460e+05    3.00505e+02
 Pres. DC (bar) Pressure (bar)   Constr. rmsd
   -1.41036e+02    4.34444e+01    3.05930e-06

           Step           Time
          36000       72.00000

   Energies (kJ/mol)
           Bond          Angle    Proper Dih.  Improper Dih.          LJ-14
    4.95287e+03    1.32189e+04    1.71712e+04    8.15995e+02    6.54595e+03
     Coulomb-14        LJ (SR)  Disper. corr.   Coulomb (SR)   Coul. recip.
    8.62625e+04    1.51372e+05   -5.20005e+03   -1.19725e+06    1.68353e+03
      Potential    Kinetic En.   Total Energy  Conserved En.    Temperature
   -9.20423e+05    1.58728e+05   -7.61696e+05   -7.60467e+05    2.98747e+02
 Pres. DC (bar) Pressure (bar)   Constr. rmsd
   -1.41073e+02    7.42528e+01    3.11555e-06

           Step           Time
          37000       74.00000

   Energies (kJ/mol)
           Bond          Angle    Proper Dih.  Improper Dih.          LJ-14
    5.00047e+03    1.29937e+04    1.69990e+04    8.68901e+02    6.70102e+03
     Coulomb-14        LJ (SR)  Disper. corr.   Coulomb (SR)   Coul. recip.
    8.66027e+04    1.51476e+05   -5.19909e+03   -1.19944e+06    1.61143e+03
      Potential    Kinetic En.   Total Energy  Conserved En.    Temperature
   -9.22389e+05    1.58736e+05   -7.63652e+05   -7.60442e+05    2.98764e+02
 Pres. DC (bar) Pressure (bar)   Constr. rmsd
   -1.41021e+02   -3.11472e+01    3.07623e-06

           Step           Time
          38000       76.00000

   Energies (kJ/mol)
           Bond          Angle    Proper Dih.  Improper Dih.          LJ-14
    5.03250e+03    1.32914e+04    1.69779e+04    8.10166e+02    6.63147e+03
     Coulomb-14        LJ (SR)  Disper. corr.   Coulomb (SR)   Coul. recip.
    8.64955e+04    1.51432e+05   -5.19972e+03   -1.19725e+06    1.70890e+03
      Potential    Kinetic En.   Total Energy  Conserved En.    Temperature
   -9.20073e+05    1.59848e+05   -7.60225e+05   -7.60452e+05    3.00856e+02
 Pres. DC (bar) Pressure (bar)   Constr. rmsd
   -1.41056e+02    8.10202e+01    2.95208e-06

           Step           Time
          39000       78.00000

   Energies (kJ/mol)
           Bond          Angle    Proper Dih.  Improper Dih.          LJ-14
    5.06566e+03    1.32014e+04    1.72109e+04    8.83499e+02    6.53750e+03
     Coulomb-14        LJ (SR)  Disper. corr.   Coulomb (SR)   Coul. recip.
    8.65257e+04    1.52278e+05   -5.19865e+03   -1.19968e+06    1.69320e+03
      Potential    Kinetic En.   Total Energy  Conserved En.    Temperature
   -9.21484e+05    1.59326e+05   -7.62158e+05   -7.60431e+05    2.99874e+02
 Pres. DC (bar) Pressure (bar)   Constr. rmsd
   -1.40998e+02    5.15645e+01    3.18253e-06

           Step           Time
          40000       80.00000

   Energies (kJ/mol)
           Bond          Angle    Proper Dih.  Improper Dih.          LJ-14
    5.10676e+03    1.34818e+04    1.71473e+04    7.33767e+02    6.76190e+03
     Coulomb-14        LJ (SR)  Disper. corr.   Coulomb (SR)   Coul. recip.
    8.65443e+04    1.50834e+05   -5.20413e+03   -1.19667e+06    1.66538e+03
      Potential    Kinetic En.   Total Energy  Conserved En.    Temperature
   -9.19604e+05    1.58951e+05   -7.60653e+05   -7.60386e+05    2.99167e+02
 Pres. DC (bar) Pressure (bar)   Constr. rmsd
   -1.41295e+02    3.94158e+01    3.10662e-06

           Step           Time
          41000       82.00000

   Energies (kJ/mol)
           Bond          Angle    Proper Dih.  Improper Dih.          LJ-14
    4.97672e+03    1.30484e+04    1.71331e+04    8.61910e+02    6.64529e+03
     Coulomb-14        LJ (SR)  Disper. corr.   Coulomb (SR)   Coul. recip.
    8.67469e+04    1.52534e+05   -5.19909e+03   -1.19941e+06    1.60215e+03
      Potential    Kinetic En.   Total Energy  Conserved En.    Temperature
   -9.21062e+05    1.58818e+05   -7.62244e+05   -7.60420e+05    2.98918e+02
 Pres. DC (bar) Pressure (bar)   Constr. rmsd
   -1.41021e+02    2.06105e+02    2.80441e-06

           Step           Time
          42000       84.00000

   Energies (kJ/mol)
           Bond          Angle    Proper Dih.  Improper Dih.          LJ-14
    5.09308e+03    1.30440e+04    1.70126e+04    8.22350e+02    6.80481e+03
     Coulomb-14        LJ (SR)  Disper. corr.   Coulomb (SR)   Coul. recip.
    8.64549e+04    1.51842e+05   -5.19490e+03   -1.19819e+06    1.62257e+03
      Potential    Kinetic En.   Total Energy  Conserved En.    Temperature
   -9.20693e+05    1.60266e+05   -7.60427e+05   -7.60415e+05    3.01642e+02
 Pres. DC (bar) Pressure (bar)   Constr. rmsd
   -1.40794e+02    2.07277e+01    2.89950e-06

           Step           Time
          43000       86.00000

   Energies (kJ/mol)
           Bond          Angle    Proper Dih.  Improper Dih.          LJ-14
    5.06532e+03    1.32732e+04    1.70590e+04    8.19819e+02    6.60896e+03
     Coulomb-14        LJ (SR)  Disper. corr.   Coulomb (SR)   Coul. recip.
    8.64633e+04    1.52369e+05   -5.18095e+03   -1.19950e+06    1.73139e+03
      Potential    Kinetic En.   Total Energy  Conserved En.    Temperature
   -9.21291e+05    1.59624e+05   -7.61667e+05   -7.60382e+05    3.00435e+02
 Pres. DC (bar) Pressure (bar)   Constr. rmsd
   -1.40040e+02   -1.15164e+01    2.97992e-06

           Step           Time
          44000       88.00000

   Energies (kJ/mol)
           Bond          Angle    Proper Dih.  Improper Dih.          LJ-14
    4.79931e+03    1.35120e+04    1.69361e+04    8.05624e+02    6.71735e+03
     Coulomb-14        LJ (SR)  Disper. corr.   Coulomb (SR)   Coul. recip.
    8.66345e+04    1.52067e+05   -5.18812e+03   -1.19799e+06    1.64740e+03
      Potential    Kinetic En.   Total Energy  Conserved En.    Temperature
   -9.20059e+05    1.58718e+05   -7.61341e+05   -7.60411e+05    2.98729e+02
 Pres. DC (bar) Pressure (bar)   Constr. rmsd
   -1.40427e+02    2.54290e+01    3.04772e-06

           Step           Time
          45000       90.00000

   Energies (kJ/mol)
           Bond          Angle    Proper Dih.  Improper Dih.          LJ-14
    5.11437e+03    1.33614e+04    1.70176e+04    8.24714e+02    6.55861e+03
     Coulomb-14        LJ (SR)  Disper. corr.   Coulomb (SR)   Coul. recip.
    8.62663e+04    1.52807e+05   -5.19666e+03   -1.19936e+06    1.64662e+03
      Potential    Kinetic En.   Total Energy  Conserved En.    Temperature
   -9.20964e+05    1.58373e+05   -7.62591e+05   -7.60372e+05    2.98080e+02
 Pres. DC (bar) Pressure (bar)   Constr. rmsd
   -1.40889e+02   -7.22012e+01    2.91689e-06

           Step           Time
          46000       92.00000

   Energies (kJ/mol)
           Bond          Angle    Proper Dih.  Improper Dih.          LJ-14
    5.02181e+03    1.35506e+04    1.69899e+04    7.88475e+02    6.61256e+03
     Coulomb-14        LJ (SR)  Disper. corr.   Coulomb (SR)   Coul. recip.
    8.62444e+04    1.48689e+05   -5.18031e+03   -1.19372e+06    1.68278e+03
      Potential    Kinetic En.   Total Energy  Conserved En.    Temperature
   -9.19320e+05    1.60219e+05   -7.59102e+05   -7.60368e+05    3.01553e+02
 Pres. DC (bar) Pressure (bar)   Constr. rmsd
   -1.40005e+02   -2.54282e+02    3.05598e-06

           Step           Time
          47000       94.00000

   Energies (kJ/mol)
           Bond          Angle    Proper Dih.  Improper Dih.          LJ-14
    5.02456e+03    1.33139e+04    1.70550e+04    8.66312e+02    6.66345e+03
     Coulomb-14        LJ (SR)  Disper. corr.   Coulomb (SR)   Coul. recip.
    8.65136e+04    1.50490e+05   -5.17922e+03   -1.19806e+06    1.69054e+03
      Potential    Kinetic En.   Total Energy  Conserved En.    Temperature
   -9.21627e+05    1.59953e+05   -7.61674e+05   -7.60361e+05    3.01053e+02
 Pres. DC (bar) Pressure (bar)   Constr. rmsd
   -1.39946e+02   -2.14776e+02    3.14879e-06

           Step           Time
          48000       96.00000

   Energies (kJ/mol)
           Bond          Angle    Proper Dih.  Improper Dih.          LJ-14
    5.11047e+03    1.31563e+04    1.70336e+04    8.37353e+02    6.66838e+03
     Coulomb-14        LJ (SR)  Disper. corr.   Coulomb (SR)   Coul. recip.
    8.63983e+04    1.51696e+05   -5.18138e+03   -1.19813e+06    1.66316e+03
      Potential    Kinetic En.   Total Energy  Conserved En.    Temperature
   -9.20746e+05    1.60895e+05   -7.59850e+05   -7.60350e+05    3.02827e+02
 Pres. DC (bar) Pressure (bar)   Constr. rmsd
   -1.40063e+02   -3.77333e+00    2.87263e-06

           Step           Time
          49000       98.00000

   Energies (kJ/mol)
           Bond          Angle    Proper Dih.  Improper Dih.          LJ-14
    5.08276e+03    1.34227e+04    1.69501e+04    8.44979e+02    6.52330e+03
     Coulomb-14        LJ (SR)  Disper. corr.   Coulomb (SR)   Coul. recip.
    8.61077e+04    1.52160e+05   -5.18222e+03   -1.19983e+06    1.70656e+03
      Potential    Kinetic En.   Total Energy  Conserved En.    Temperature
   -9.22217e+05    1.58169e+05   -7.64048e+05   -7.60324e+05    2.97695e+02
 Pres. DC (bar) Pressure (bar)   Constr. rmsd
   -1.40108e+02   -1.65192e+02    3.04597e-06

           Step           Time
          50000      100.00000

Writing checkpoint, step 50000 at Mon Jul  3 01:21:16 2023


   Energies (kJ/mol)
           Bond          Angle    Proper Dih.  Improper Dih.          LJ-14
    4.96134e+03    1.33088e+04    1.70345e+04    7.96954e+02    6.59728e+03
     Coulomb-14        LJ (SR)  Disper. corr.   Coulomb (SR)   Coul. recip.
    8.64226e+04    1.51601e+05   -5.19218e+03   -1.19916e+06    1.64292e+03
      Potential    Kinetic En.   Total Energy  Conserved En.    Temperature
   -9.21990e+05    1.58462e+05   -7.63528e+05   -7.60349e+05    2.98247e+02
 Pres. DC (bar) Pressure (bar)   Constr. rmsd
   -1.40647e+02   -1.66976e+02    2.87567e-06


	<======  ###############  ==>
	<====  A V E R A G E S  ====>
	<==  ###############  ======>

	Statistics over 50001 steps using 501 frames

   Energies (kJ/mol)
           Bond          Angle    Proper Dih.  Improper Dih.          LJ-14
    5.05374e+03    1.32834e+04    1.70618e+04    8.33195e+02    6.62296e+03
     Coulomb-14        LJ (SR)  Disper. corr.   Coulomb (SR)   Coul. recip.
    8.63445e+04    1.51598e+05   -5.19379e+03   -1.19804e+06    1.71998e+03
      Potential    Kinetic En.   Total Energy  Conserved En.    Temperature
   -9.20718e+05    1.59359e+05   -7.61358e+05   -7.60545e+05    2.99936e+02
 Pres. DC (bar) Pressure (bar)   Constr. rmsd
   -1.40734e+02   -2.53070e-01    0.00000e+00

          Box-X          Box-Y          Box-Z
    8.49592e+00    8.49592e+00    8.49592e+00

   Total Virial (kJ/mol)
    5.29501e+04   -6.15457e+01    1.80847e+02
   -6.08964e+01    5.34403e+04   -1.57979e+02
    1.81908e+02   -1.57798e+02    5.29886e+04

   Pressure (bar)
    8.17795e+00    2.36048e+00   -6.57960e+00
    2.32538e+00   -1.46666e+01    9.71577e+00
   -6.63707e+00    9.70590e+00    5.72940e+00

      T-Protein  T-non-Protein
    3.00023e+02    2.99923e+02


       P P   -   P M E   L O A D   B A L A N C I N G

 PP/PME load balancing changed the cut-off and PME settings:
           particle-particle                    PME
            rcoulomb  rlist            grid      spacing   1/beta
   initial  1.200 nm  1.203 nm      56  56  56   0.152 nm  0.384 nm
   final    1.448 nm  1.451 nm      44  44  44   0.193 nm  0.464 nm
 cost-ratio           1.75             0.49
 (note that these numbers concern only part of the total PP and PME load)


	M E G A - F L O P S   A C C O U N T I N G

 NB=Group-cutoff nonbonded kernels    NxN=N-by-N cluster Verlet kernels
 RF=Reaction-Field  VdW=Van der Waals  QSTab=quadratic-spline table
 W3=SPC/TIP3p  W4=TIP4p (single or pairs)
 V&F=Potential and force  V=Potential only  F=Force only

 Computing:                               M-Number         M-Flops  % Flops
-----------------------------------------------------------------------------
 Pair Search distance check            4725.772224       42531.950     0.0
 NxN Ewald Elec. + LJ [F]           6026756.199552   397765909.170    98.2
 NxN Ewald Elec. + LJ [V&F]           60999.297344     6526924.816     1.6
 1,4 nonbonded interactions             862.317246       77608.552     0.0
 Shift-X                                 31.170717         187.024     0.0
 Bonds                                  172.203444       10160.003     0.0
 Angles                                 596.411928      100197.204     0.0
 Propers                                931.368627      213283.416     0.1
 Impropers                               70.351407       14633.093     0.0
 Virial                                 155.717262        2802.911     0.0
 Stop-CM                                 31.170717         311.707     0.0
 Calc-Ekin                              311.209434        8402.655     0.0
 Lincs                                  159.553191        9573.191     0.0
 Lincs-Mat                              782.415648        3129.663     0.0
 Constraint-V                          3101.812035       24814.496     0.0
 Constraint-Vir                         147.168844        3532.052     0.0
 Settle                                 927.568551      299604.642     0.1
-----------------------------------------------------------------------------
 Total                                               405103606.545   100.0
-----------------------------------------------------------------------------


     R E A L   C Y C L E   A N D   T I M E   A C C O U N T I N G

On 1 MPI rank, each using 2 OpenMP threads

 Computing:          Num   Num      Call    Wall time         Giga-Cycles
                     Ranks Threads  Count      (s)         total sum    %
-----------------------------------------------------------------------------
 Neighbor search        1    2        501      20.547         90.402  10.4
 Launch GPU ops.        1    2      50001       7.139         31.410   3.6
 Force                  1    2      50001      57.767        254.155  29.3
 Wait PME GPU gather    1    2      50001       0.441          1.939   0.2
 Reduce GPU PME F       1    2      50001       6.714         29.540   3.4
 Wait GPU NB local                              0.140          0.617   0.1
 NB X/F buffer ops.     1    2      99501      28.721        126.363  14.6
 Write traj.            1    2         51       0.509          2.241   0.3
 Update                 1    2      50001      14.324         63.023   7.3
 Constraints            1    2      50001      32.813        144.367  16.7
 Rest                                          27.849        122.528  14.1
-----------------------------------------------------------------------------
 Total                                        196.965        866.585 100.0
-----------------------------------------------------------------------------

NOTE: 10 % of the run time was spent in pair search,
      you might want to increase nstlist (this has no effect on accuracy)

               Core t (s)   Wall t (s)        (%)
       Time:      393.926      196.965      200.0
                 (ns/day)    (hour/ns)
Performance:       43.866        0.547
Finished mdrun on rank 0 Mon Jul  3 01:21:16 2023

